{"G:\\learn\\react-virtualized-scroll\\src\\component\\ReactVirtualizedScroll\\ReactVirtualizedScroll.tsx": {"path":"G:\\learn\\react-virtualized-scroll\\src\\component\\ReactVirtualizedScroll\\ReactVirtualizedScroll.tsx","statementMap":{"0":{"start":{"line":1,"column":0},"end":{"line":1,"column":126}},"1":{"start":{"line":2,"column":0},"end":{"line":2,"column":94}},"2":{"start":{"line":3,"column":0},"end":{"line":3,"column":39}},"3":{"start":{"line":4,"column":0},"end":{"line":4,"column":34}},"4":{"start":{"line":5,"column":0},"end":{"line":5,"column":20}},"5":{"start":{"line":31,"column":41},"end":{"line":236,"column":1}},"6":{"start":{"line":32,"column":2},"end":{"line":32,"column":10}},"7":{"start":{"line":33,"column":2},"end":{"line":33,"column":16}},"8":{"start":{"line":34,"column":2},"end":{"line":34,"column":23}},"9":{"start":{"line":35,"column":2},"end":{"line":35,"column":17}},"10":{"start":{"line":36,"column":2},"end":{"line":36,"column":11}},"11":{"start":{"line":37,"column":2},"end":{"line":37,"column":6}},"12":{"start":{"line":38,"column":2},"end":{"line":38,"column":18}},"13":{"start":{"line":39,"column":2},"end":{"line":39,"column":17}},"14":{"start":{"line":40,"column":2},"end":{"line":40,"column":11}},"15":{"start":{"line":41,"column":2},"end":{"line":41,"column":12}},"16":{"start":{"line":42,"column":2},"end":{"line":42,"column":10}},"17":{"start":{"line":43,"column":2},"end":{"line":43,"column":10}},"18":{"start":{"line":44,"column":2},"end":{"line":44,"column":5}},"19":{"start":{"line":45,"column":2},"end":{"line":45,"column":11}},"20":{"start":{"line":48,"column":8},"end":{"line":48,"column":9}},"21":{"start":{"line":48,"column":9},"end":{"line":48,"column":14}},"22":{"start":{"line":48,"column":16},"end":{"line":48,"column":52}},"23":{"start":{"line":49,"column":8},"end":{"line":49,"column":9}},"24":{"start":{"line":49,"column":9},"end":{"line":49,"column":15}},"25":{"start":{"line":49,"column":17},"end":{"line":49,"column":49}},"26":{"start":{"line":50,"column":8},"end":{"line":50,"column":9}},"27":{"start":{"line":50,"column":9},"end":{"line":50,"column":15}},"28":{"start":{"line":50,"column":17},"end":{"line":50,"column":49}},"29":{"start":{"line":51,"column":19},"end":{"line":51,"column":32}},"30":{"start":{"line":52,"column":16},"end":{"line":52,"column":29}},"31":{"start":{"line":53,"column":22},"end":{"line":53,"column":35}},"32":{"start":{"line":54,"column":22},"end":{"line":54,"column":35}},"33":{"start":{"line":55,"column":20},"end":{"line":55,"column":33}},"34":{"start":{"line":57,"column":21},"end":{"line":57,"column":33}},"35":{"start":{"line":59,"column":2},"end":{"line":61,"column":null}},"36":{"start":{"line":60,"column":4},"end":{"line":60,"column":null}},"37":{"start":{"line":63,"column":19},"end":{"line":65,"column":13}},"38":{"start":{"line":64,"column":4},"end":{"line":64,"column":null}},"39":{"start":{"line":67,"column":20},"end":{"line":70,"column":3}},"40":{"start":{"line":68,"column":4},"end":{"line":68,"column":null}},"41":{"start":{"line":69,"column":4},"end":{"line":69,"column":null}},"42":{"start":{"line":72,"column":23},"end":{"line":75,"column":3}},"43":{"start":{"line":73,"column":4},"end":{"line":73,"column":70}},"44":{"start":{"line":73,"column":64},"end":{"line":73,"column":70}},"45":{"start":{"line":74,"column":4},"end":{"line":74,"column":null}},"46":{"start":{"line":76,"column":22},"end":{"line":91,"column":null}},"47":{"start":{"line":78,"column":6},"end":{"line":78,"column":72}},"48":{"start":{"line":78,"column":66},"end":{"line":78,"column":72}},"49":{"start":{"line":79,"column":6},"end":{"line":82,"column":null}},"50":{"start":{"line":80,"column":8},"end":{"line":80,"column":null}},"51":{"start":{"line":81,"column":8},"end":{"line":81,"column":14}},"52":{"start":{"line":83,"column":29},"end":{"line":83,"column":73}},"53":{"start":{"line":84,"column":6},"end":{"line":86,"column":null}},"54":{"start":{"line":84,"column":67},"end":{"line":84,"column":null}},"55":{"start":{"line":85,"column":11},"end":{"line":86,"column":null}},"56":{"start":{"line":85,"column":35},"end":{"line":85,"column":null}},"57":{"start":{"line":86,"column":11},"end":{"line":86,"column":null}},"58":{"start":{"line":86,"column":49},"end":{"line":86,"column":null}},"59":{"start":{"line":88,"column":6},"end":{"line":89,"column":null}},"60":{"start":{"line":88,"column":56},"end":{"line":88,"column":null}},"61":{"start":{"line":89,"column":11},"end":{"line":89,"column":null}},"62":{"start":{"line":89,"column":42},"end":{"line":89,"column":null}},"63":{"start":{"line":93,"column":21},"end":{"line":123,"column":null}},"64":{"start":{"line":95,"column":6},"end":{"line":98,"column":null}},"65":{"start":{"line":96,"column":8},"end":{"line":96,"column":null}},"66":{"start":{"line":97,"column":8},"end":{"line":97,"column":14}},"67":{"start":{"line":99,"column":6},"end":{"line":120,"column":null}},"68":{"start":{"line":100,"column":8},"end":{"line":100,"column":null}},"69":{"start":{"line":101,"column":8},"end":{"line":101,"column":31}},"70":{"start":{"line":101,"column":25},"end":{"line":101,"column":31}},"71":{"start":{"line":102,"column":8},"end":{"line":102,"column":null}},"72":{"start":{"line":103,"column":8},"end":{"line":112,"column":null}},"73":{"start":{"line":104,"column":10},"end":{"line":104,"column":null}},"74":{"start":{"line":105,"column":10},"end":{"line":105,"column":null}},"75":{"start":{"line":106,"column":10},"end":{"line":106,"column":null}},"76":{"start":{"line":107,"column":10},"end":{"line":107,"column":null}},"77":{"start":{"line":107,"column":29},"end":{"line":107,"column":null}},"78":{"start":{"line":108,"column":10},"end":{"line":111,"column":null}},"79":{"start":{"line":109,"column":12},"end":{"line":109,"column":null}},"80":{"start":{"line":110,"column":12},"end":{"line":110,"column":null}},"81":{"start":{"line":114,"column":8},"end":{"line":114,"column":null}},"82":{"start":{"line":115,"column":8},"end":{"line":115,"column":null}},"83":{"start":{"line":116,"column":8},"end":{"line":116,"column":null}},"84":{"start":{"line":116,"column":27},"end":{"line":116,"column":null}},"85":{"start":{"line":117,"column":8},"end":{"line":119,"column":null}},"86":{"start":{"line":118,"column":10},"end":{"line":118,"column":null}},"87":{"start":{"line":126,"column":26},"end":{"line":133,"column":3}},"88":{"start":{"line":126,"column":29},"end":{"line":126,"column":41}},"89":{"start":{"line":126,"column":43},"end":{"line":126,"column":52}},"90":{"start":{"line":126,"column":54},"end":{"line":126,"column":66}},"91":{"start":{"line":127,"column":4},"end":{"line":127,"column":null}},"92":{"start":{"line":128,"column":4},"end":{"line":129,"column":null}},"93":{"start":{"line":128,"column":25},"end":{"line":128,"column":null}},"94":{"start":{"line":129,"column":9},"end":{"line":129,"column":null}},"95":{"start":{"line":131,"column":4},"end":{"line":131,"column":null}},"96":{"start":{"line":131,"column":63},"end":{"line":131,"column":null}},"97":{"start":{"line":132,"column":4},"end":{"line":132,"column":null}},"98":{"start":{"line":132,"column":18},"end":{"line":132,"column":null}},"99":{"start":{"line":135,"column":16},"end":{"line":135,"column":77}},"100":{"start":{"line":137,"column":2},"end":{"line":143,"column":null}},"101":{"start":{"line":139,"column":10},"end":{"line":141,"column":null}},"102":{"start":{"line":145,"column":20},"end":{"line":177,"column":null}},"103":{"start":{"line":146,"column":7},"end":{"line":146,"column":12}},"104":{"start":{"line":146,"column":14},"end":{"line":146,"column":17}},"105":{"start":{"line":146,"column":19},"end":{"line":146,"column":25}},"106":{"start":{"line":146,"column":27},"end":{"line":146,"column":32}},"107":{"start":{"line":147,"column":6},"end":{"line":175,"column":null}},"108":{"start":{"line":180,"column":24},"end":{"line":208,"column":12}},"109":{"start":{"line":180,"column":38},"end":{"line":208,"column":5}},"110":{"start":{"line":192,"column":21},"end":{"line":192,"column":27}},"111":{"start":{"line":192,"column":29},"end":{"line":192,"column":34}},"112":{"start":{"line":192,"column":46},"end":{"line":202,"column":null}},"113":{"start":{"line":194,"column":41},"end":{"line":194,"column":null}},"114":{"start":{"line":210,"column":2},"end":{"line":235,"column":4}},"115":{"start":{"line":238,"column":0},"end":{"line":238,"column":45}}},"fnMap":{"0":{"name":"(anonymous_3)","decl":{"start":{"line":31,"column":41},"end":{"line":31,"column":42}},"loc":{"start":{"line":46,"column":25},"end":{"line":236,"column":1}}},"1":{"name":"(anonymous_4)","decl":{"start":{"line":59,"column":12},"end":{"line":59,"column":null}},"loc":{"start":{"line":59,"column":12},"end":{"line":61,"column":3}}},"2":{"name":"(anonymous_5)","decl":{"start":{"line":63,"column":27},"end":{"line":63,"column":null}},"loc":{"start":{"line":63,"column":27},"end":{"line":65,"column":3}}},"3":{"name":"(anonymous_6)","decl":{"start":{"line":67,"column":20},"end":{"line":67,"column":null}},"loc":{"start":{"line":67,"column":20},"end":{"line":70,"column":3}}},"4":{"name":"(anonymous_7)","decl":{"start":{"line":72,"column":23},"end":{"line":72,"column":24}},"loc":{"start":{"line":72,"column":42},"end":{"line":75,"column":3}}},"5":{"name":"(anonymous_8)","decl":{"start":{"line":77,"column":4},"end":{"line":77,"column":5}},"loc":{"start":{"line":77,"column":23},"end":{"line":90,"column":5}}},"6":{"name":"(anonymous_9)","decl":{"start":{"line":94,"column":4},"end":{"line":94,"column":5}},"loc":{"start":{"line":94,"column":23},"end":{"line":122,"column":5}}},"7":{"name":"(anonymous_10)","decl":{"start":{"line":103,"column":26},"end":{"line":103,"column":null}},"loc":{"start":{"line":103,"column":26},"end":{"line":112,"column":9}}},"8":{"name":"(anonymous_11)","decl":{"start":{"line":108,"column":37},"end":{"line":108,"column":null}},"loc":{"start":{"line":108,"column":37},"end":{"line":111,"column":11}}},"9":{"name":"(anonymous_12)","decl":{"start":{"line":117,"column":35},"end":{"line":117,"column":null}},"loc":{"start":{"line":117,"column":35},"end":{"line":119,"column":9}}},"10":{"name":"(anonymous_13)","decl":{"start":{"line":126,"column":26},"end":{"line":126,"column":27}},"loc":{"start":{"line":126,"column":73},"end":{"line":133,"column":3}}},"11":{"name":"(anonymous_14)","decl":{"start":{"line":139,"column":4},"end":{"line":139,"column":10}},"loc":{"start":{"line":139,"column":4},"end":{"line":139,"column":11}}},"12":{"name":"(anonymous_15)","decl":{"start":{"line":146,"column":4},"end":{"line":146,"column":5}},"loc":{"start":{"line":146,"column":39},"end":{"line":176,"column":5}}},"13":{"name":"(anonymous_16)","decl":{"start":{"line":180,"column":32},"end":{"line":180,"column":38}},"loc":{"start":{"line":180,"column":32},"end":{"line":180,"column":null}}},"14":{"name":"(anonymous_17)","decl":{"start":{"line":192,"column":18},"end":{"line":192,"column":19}},"loc":{"start":{"line":192,"column":41},"end":{"line":192,"column":null}}},"15":{"name":"(anonymous_18)","decl":{"start":{"line":194,"column":27},"end":{"line":194,"column":28}},"loc":{"start":{"line":194,"column":36},"end":{"line":194,"column":49}}}},"branchMap":{"0":{"loc":{"start":{"line":33,"column":2},"end":{"line":33,"column":16}},"type":"cond-expr","locations":[{"start":{"line":33,"column":2},"end":{"line":33,"column":16}},{"start":{"line":33,"column":2},"end":{"line":33,"column":16}}]},"1":{"loc":{"start":{"line":34,"column":2},"end":{"line":34,"column":23}},"type":"cond-expr","locations":[{"start":{"line":34,"column":2},"end":{"line":34,"column":23}},{"start":{"line":34,"column":2},"end":{"line":34,"column":23}}]},"2":{"loc":{"start":{"line":35,"column":2},"end":{"line":35,"column":17}},"type":"cond-expr","locations":[{"start":{"line":35,"column":2},"end":{"line":35,"column":17}},{"start":{"line":35,"column":2},"end":{"line":35,"column":17}}]},"3":{"loc":{"start":{"line":36,"column":2},"end":{"line":36,"column":11}},"type":"cond-expr","locations":[{"start":{"line":36,"column":2},"end":{"line":36,"column":11}},{"start":{"line":36,"column":2},"end":{"line":36,"column":11}}]},"4":{"loc":{"start":{"line":38,"column":2},"end":{"line":38,"column":18}},"type":"cond-expr","locations":[{"start":{"line":38,"column":2},"end":{"line":38,"column":18}},{"start":{"line":38,"column":2},"end":{"line":38,"column":18}}]},"5":{"loc":{"start":{"line":39,"column":2},"end":{"line":39,"column":17}},"type":"cond-expr","locations":[{"start":{"line":39,"column":2},"end":{"line":39,"column":17}},{"start":{"line":39,"column":2},"end":{"line":39,"column":17}}]},"6":{"loc":{"start":{"line":45,"column":2},"end":{"line":45,"column":11}},"type":"cond-expr","locations":[{"start":{"line":45,"column":2},"end":{"line":45,"column":11}},{"start":{"line":45,"column":2},"end":{"line":45,"column":11}}]},"7":{"loc":{"start":{"line":64,"column":11},"end":{"line":64,"column":33}},"type":"binary-expr","locations":[{"start":{"line":64,"column":11},"end":{"line":64,"column":33}},{"start":{"line":64,"column":37},"end":{"line":64,"column":58}}]},"8":{"loc":{"start":{"line":73,"column":4},"end":{"line":73,"column":70}},"type":"if","locations":[{"start":{"line":73,"column":4},"end":{"line":73,"column":70}},{"start":{"line":73,"column":4},"end":{"line":73,"column":70}}]},"9":{"loc":{"start":{"line":73,"column":8},"end":{"line":73,"column":16}},"type":"binary-expr","locations":[{"start":{"line":73,"column":8},"end":{"line":73,"column":16}},{"start":{"line":73,"column":20},"end":{"line":73,"column":39}},{"start":{"line":73,"column":43},"end":{"line":73,"column":62}}]},"10":{"loc":{"start":{"line":78,"column":6},"end":{"line":78,"column":72}},"type":"if","locations":[{"start":{"line":78,"column":6},"end":{"line":78,"column":72}},{"start":{"line":78,"column":6},"end":{"line":78,"column":72}}]},"11":{"loc":{"start":{"line":78,"column":10},"end":{"line":78,"column":18}},"type":"binary-expr","locations":[{"start":{"line":78,"column":10},"end":{"line":78,"column":18}},{"start":{"line":78,"column":22},"end":{"line":78,"column":41}},{"start":{"line":78,"column":45},"end":{"line":78,"column":64}}]},"12":{"loc":{"start":{"line":79,"column":6},"end":{"line":82,"column":null}},"type":"if","locations":[{"start":{"line":79,"column":6},"end":{"line":82,"column":null}},{"start":{"line":79,"column":6},"end":{"line":82,"column":null}}]},"13":{"loc":{"start":{"line":84,"column":6},"end":{"line":86,"column":null}},"type":"if","locations":[{"start":{"line":84,"column":6},"end":{"line":86,"column":null}},{"start":{"line":84,"column":6},"end":{"line":86,"column":null}}]},"14":{"loc":{"start":{"line":84,"column":10},"end":{"line":84,"column":28}},"type":"binary-expr","locations":[{"start":{"line":84,"column":10},"end":{"line":84,"column":28}},{"start":{"line":84,"column":32},"end":{"line":84,"column":65}}]},"15":{"loc":{"start":{"line":85,"column":11},"end":{"line":86,"column":null}},"type":"if","locations":[{"start":{"line":85,"column":11},"end":{"line":86,"column":null}},{"start":{"line":85,"column":11},"end":{"line":86,"column":null}}]},"16":{"loc":{"start":{"line":86,"column":11},"end":{"line":86,"column":null}},"type":"if","locations":[{"start":{"line":86,"column":11},"end":{"line":86,"column":null}},{"start":{"line":86,"column":11},"end":{"line":86,"column":null}}]},"17":{"loc":{"start":{"line":88,"column":6},"end":{"line":89,"column":null}},"type":"if","locations":[{"start":{"line":88,"column":6},"end":{"line":89,"column":null}},{"start":{"line":88,"column":6},"end":{"line":89,"column":null}}]},"18":{"loc":{"start":{"line":88,"column":10},"end":{"line":88,"column":34}},"type":"binary-expr","locations":[{"start":{"line":88,"column":10},"end":{"line":88,"column":34}},{"start":{"line":88,"column":38},"end":{"line":88,"column":54}}]},"19":{"loc":{"start":{"line":89,"column":11},"end":{"line":89,"column":null}},"type":"if","locations":[{"start":{"line":89,"column":11},"end":{"line":89,"column":null}},{"start":{"line":89,"column":11},"end":{"line":89,"column":null}}]},"20":{"loc":{"start":{"line":95,"column":6},"end":{"line":98,"column":null}},"type":"if","locations":[{"start":{"line":95,"column":6},"end":{"line":98,"column":null}},{"start":{"line":95,"column":6},"end":{"line":98,"column":null}}]},"21":{"loc":{"start":{"line":95,"column":10},"end":{"line":95,"column":18}},"type":"binary-expr","locations":[{"start":{"line":95,"column":10},"end":{"line":95,"column":18}},{"start":{"line":95,"column":22},"end":{"line":95,"column":41}},{"start":{"line":95,"column":45},"end":{"line":95,"column":64}}]},"22":{"loc":{"start":{"line":99,"column":6},"end":{"line":120,"column":null}},"type":"if","locations":[{"start":{"line":99,"column":6},"end":{"line":120,"column":null}},{"start":{"line":99,"column":6},"end":{"line":120,"column":null}}]},"23":{"loc":{"start":{"line":101,"column":8},"end":{"line":101,"column":31}},"type":"if","locations":[{"start":{"line":101,"column":8},"end":{"line":101,"column":31}},{"start":{"line":101,"column":8},"end":{"line":101,"column":31}}]},"24":{"loc":{"start":{"line":107,"column":10},"end":{"line":107,"column":null}},"type":"if","locations":[{"start":{"line":107,"column":10},"end":{"line":107,"column":null}},{"start":{"line":107,"column":10},"end":{"line":107,"column":null}}]},"25":{"loc":{"start":{"line":116,"column":8},"end":{"line":116,"column":null}},"type":"if","locations":[{"start":{"line":116,"column":8},"end":{"line":116,"column":null}},{"start":{"line":116,"column":8},"end":{"line":116,"column":null}}]},"26":{"loc":{"start":{"line":128,"column":4},"end":{"line":129,"column":null}},"type":"if","locations":[{"start":{"line":128,"column":4},"end":{"line":129,"column":null}},{"start":{"line":128,"column":4},"end":{"line":129,"column":null}}]},"27":{"loc":{"start":{"line":131,"column":4},"end":{"line":131,"column":null}},"type":"if","locations":[{"start":{"line":131,"column":4},"end":{"line":131,"column":null}},{"start":{"line":131,"column":4},"end":{"line":131,"column":null}}]},"28":{"loc":{"start":{"line":131,"column":9},"end":{"line":131,"column":48}},"type":"binary-expr","locations":[{"start":{"line":131,"column":9},"end":{"line":131,"column":48}},{"start":{"line":131,"column":53},"end":{"line":131,"column":61}}]},"29":{"loc":{"start":{"line":132,"column":4},"end":{"line":132,"column":null}},"type":"if","locations":[{"start":{"line":132,"column":4},"end":{"line":132,"column":null}},{"start":{"line":132,"column":4},"end":{"line":132,"column":null}}]},"30":{"loc":{"start":{"line":161,"column":44},"end":{"line":170,"column":null}},"type":"cond-expr","locations":[{"start":{"line":161,"column":44},"end":{"line":170,"column":null}},{"start":{"line":171,"column":20},"end":{"line":171,"column":22}}]},"31":{"loc":{"start":{"line":163,"column":18},"end":{"line":164,"column":null}},"type":"cond-expr","locations":[{"start":{"line":163,"column":18},"end":{"line":164,"column":null}},{"start":{"line":168,"column":18},"end":{"line":169,"column":null}}]},"32":{"loc":{"start":{"line":164,"column":44},"end":{"line":164,"column":63}},"type":"cond-expr","locations":[{"start":{"line":164,"column":44},"end":{"line":164,"column":63}},{"start":{"line":164,"column":66},"end":{"line":164,"column":73}}]},"33":{"loc":{"start":{"line":169,"column":44},"end":{"line":169,"column":63}},"type":"cond-expr","locations":[{"start":{"line":169,"column":44},"end":{"line":169,"column":63}},{"start":{"line":169,"column":66},"end":{"line":169,"column":100}}]},"34":{"loc":{"start":{"line":188,"column":25},"end":{"line":188,"column":51}},"type":"cond-expr","locations":[{"start":{"line":188,"column":25},"end":{"line":188,"column":51}},{"start":{"line":190,"column":14},"end":{"line":202,"column":null}}]},"35":{"loc":{"start":{"line":188,"column":37},"end":{"line":188,"column":46}},"type":"cond-expr","locations":[{"start":{"line":188,"column":37},"end":{"line":188,"column":46}},{"start":{"line":188,"column":49},"end":{"line":188,"column":51}}]},"36":{"loc":{"start":{"line":215,"column":41},"end":{"line":215,"column":47}},"type":"cond-expr","locations":[{"start":{"line":215,"column":41},"end":{"line":215,"column":47}},{"start":{"line":215,"column":50},"end":{"line":215,"column":59}}]},"37":{"loc":{"start":{"line":221,"column":71},"end":{"line":221,"column":77}},"type":"cond-expr","locations":[{"start":{"line":221,"column":71},"end":{"line":221,"column":77}},{"start":{"line":221,"column":80},"end":{"line":221,"column":89}}]},"38":{"loc":{"start":{"line":221,"column":26},"end":{"line":221,"column":48}},"type":"binary-expr","locations":[{"start":{"line":221,"column":26},"end":{"line":221,"column":48}},{"start":{"line":221,"column":52},"end":{"line":221,"column":68}}]},"39":{"loc":{"start":{"line":222,"column":50},"end":{"line":222,"column":82}},"type":"cond-expr","locations":[{"start":{"line":222,"column":50},"end":{"line":222,"column":82}},{"start":{"line":222,"column":85},"end":{"line":222,"column":87}}]},"40":{"loc":{"start":{"line":226,"column":18},"end":{"line":226,"column":116}},"type":"cond-expr","locations":[{"start":{"line":226,"column":18},"end":{"line":226,"column":116}},{"start":{"line":227,"column":19},"end":{"line":227,"column":112}}]},"41":{"loc":{"start":{"line":225,"column":16},"end":{"line":225,"column":37}},"type":"binary-expr","locations":[{"start":{"line":225,"column":16},"end":{"line":225,"column":37}},{"start":{"line":225,"column":41},"end":{"line":225,"column":57}}]},"42":{"loc":{"start":{"line":226,"column":42},"end":{"line":226,"column":63}},"type":"cond-expr","locations":[{"start":{"line":226,"column":42},"end":{"line":226,"column":63}},{"start":{"line":226,"column":66},"end":{"line":226,"column":116}}]},"43":{"loc":{"start":{"line":227,"column":43},"end":{"line":227,"column":64}},"type":"cond-expr","locations":[{"start":{"line":227,"column":43},"end":{"line":227,"column":64}},{"start":{"line":227,"column":67},"end":{"line":227,"column":112}}]}},"s":{"0":1,"1":1,"2":1,"3":1,"4":1,"5":1,"6":1,"7":2,"8":2,"9":2,"10":2,"11":1,"12":2,"13":2,"14":1,"15":1,"16":1,"17":1,"18":1,"19":2,"20":1,"21":1,"22":1,"23":1,"24":1,"25":1,"26":1,"27":1,"28":1,"29":1,"30":1,"31":1,"32":1,"33":1,"34":1,"35":1,"36":0,"37":1,"38":1,"39":1,"40":0,"41":0,"42":1,"43":0,"44":0,"45":0,"46":1,"47":0,"48":0,"49":0,"50":0,"51":0,"52":0,"53":0,"54":0,"55":0,"56":0,"57":0,"58":0,"59":0,"60":0,"61":0,"62":0,"63":1,"64":0,"65":0,"66":0,"67":0,"68":0,"69":0,"70":0,"71":0,"72":0,"73":0,"74":0,"75":0,"76":0,"77":0,"78":0,"79":0,"80":0,"81":0,"82":0,"83":0,"84":0,"85":0,"86":0,"87":1,"88":0,"89":0,"90":0,"91":0,"92":0,"93":0,"94":0,"95":0,"96":0,"97":0,"98":0,"99":1,"100":1,"101":0,"102":1,"103":0,"104":0,"105":0,"106":0,"107":0,"108":1,"109":1,"110":0,"111":0,"112":0,"113":0,"114":1,"115":1},"f":{"0":1,"1":0,"2":1,"3":0,"4":0,"5":0,"6":0,"7":0,"8":0,"9":0,"10":0,"11":0,"12":0,"13":1,"14":0,"15":0},"b":{"0":[1,0],"1":[1,0],"2":[1,0],"3":[1,0],"4":[1,0],"5":[1,0],"6":[1,0],"7":[1,1],"8":[0,0],"9":[0,0,0],"10":[0,0],"11":[0,0,0],"12":[0,0],"13":[0,0],"14":[0,0],"15":[0,0],"16":[0,0],"17":[0,0],"18":[0,0],"19":[0,0],"20":[0,0],"21":[0,0,0],"22":[0,0],"23":[0,0],"24":[0,0],"25":[0,0],"26":[0,0],"27":[0,0],"28":[0,0],"29":[0,0],"30":[0,0],"31":[0,0],"32":[0,0],"33":[0,0],"34":[1,0],"35":[0,1],"36":[0,1],"37":[0,1],"38":[1,1],"39":[0,1],"40":[1,0],"41":[1,1],"42":[0,1],"43":[0,0]}}
,"G:\\learn\\react-virtualized-scroll\\src\\component\\ReactVirtualizedScroll\\index.tsx": {"path":"G:\\learn\\react-virtualized-scroll\\src\\component\\ReactVirtualizedScroll\\index.tsx","statementMap":{"0":{"start":{"line":1,"column":0},"end":{"line":1,"column":7}},"1":{"start":{"line":3,"column":9},"end":{"line":1,"column":61}}},"fnMap":{},"branchMap":{},"s":{"0":1,"1":1},"f":{},"b":{}}
,"G:\\learn\\react-virtualized-scroll\\src\\component\\ReactVirtualizedScroll\\svg.ts": {"path":"G:\\learn\\react-virtualized-scroll\\src\\component\\ReactVirtualizedScroll\\svg.ts","statementMap":{"0":{"start":{"line":1,"column":13},"end":{"line":1,"column":null}}},"fnMap":{},"branchMap":{},"s":{"0":1},"f":{},"b":{}}
}
