{"F:\\react-and-redux\\react-virtualized-scroll\\lib\\component\\ReactVirtualizedScroll\\ReactVirtualizedScroll.js": {"path":"F:\\react-and-redux\\react-virtualized-scroll\\lib\\component\\ReactVirtualizedScroll\\ReactVirtualizedScroll.js","statementMap":{"0":{"start":{"line":2,"column":15},"end":{"line":12,"column":1}},"1":{"start":{"line":3,"column":4},"end":{"line":10,"column":6}},"2":{"start":{"line":4,"column":8},"end":{"line":8,"column":null}},"3":{"start":{"line":4,"column":24},"end":{"line":4,"column":25}},"4":{"start":{"line":4,"column":31},"end":{"line":4,"column":47}},"5":{"start":{"line":5,"column":12},"end":{"line":5,"column":29}},"6":{"start":{"line":6,"column":12},"end":{"line":7,"column":28}},"7":{"start":{"line":6,"column":29},"end":{"line":7,"column":28}},"8":{"start":{"line":7,"column":16},"end":{"line":7,"column":28}},"9":{"start":{"line":9,"column":8},"end":{"line":9,"column":17}},"10":{"start":{"line":11,"column":4},"end":{"line":11,"column":43}},"11":{"start":{"line":13,"column":19},"end":{"line":19,"column":1}},"12":{"start":{"line":14,"column":4},"end":{"line":14,"column":42}},"13":{"start":{"line":14,"column":31},"end":{"line":14,"column":42}},"14":{"start":{"line":15,"column":17},"end":{"line":15,"column":19}},"15":{"start":{"line":16,"column":4},"end":{"line":16,"column":99}},"16":{"start":{"line":16,"column":21},"end":{"line":16,"column":99}},"17":{"start":{"line":16,"column":40},"end":{"line":16,"column":99}},"18":{"start":{"line":16,"column":80},"end":{"line":16,"column":99}},"19":{"start":{"line":17,"column":4},"end":{"line":17,"column":28}},"20":{"start":{"line":18,"column":4},"end":{"line":18,"column":18}},"21":{"start":{"line":20,"column":0},"end":{"line":20,"column":62}},"22":{"start":{"line":21,"column":14},"end":{"line":21,"column":44}},"23":{"start":{"line":22,"column":26},"end":{"line":22,"column":54}},"24":{"start":{"line":23,"column":12},"end":{"line":23,"column":28}},"25":{"start":{"line":24,"column":0},"end":{"line":24,"column":37}},"26":{"start":{"line":25,"column":0},"end":{"line":25,"column":23}},"27":{"start":{"line":26,"column":24},"end":{"line":159,"column":1}},"28":{"start":{"line":27,"column":19},"end":{"line":27,"column":30}},"29":{"start":{"line":27,"column":37},"end":{"line":27,"column":47}},"30":{"start":{"line":27,"column":59},"end":{"line":27,"column":84}},"31":{"start":{"line":27,"column":91},"end":{"line":27,"column":109}},"32":{"start":{"line":27,"column":129},"end":{"line":27,"column":153}},"33":{"start":{"line":27,"column":160},"end":{"line":27,"column":170}},"34":{"start":{"line":27,"column":182},"end":{"line":27,"column":208}},"35":{"start":{"line":27,"column":215},"end":{"line":27,"column":222}},"36":{"start":{"line":27,"column":231},"end":{"line":27,"column":254}},"37":{"start":{"line":27,"column":263},"end":{"line":27,"column":270}},"38":{"start":{"line":27,"column":277},"end":{"line":27,"column":286}},"39":{"start":{"line":27,"column":297},"end":{"line":27,"column":325}},"40":{"start":{"line":27,"column":332},"end":{"line":27,"column":340}},"41":{"start":{"line":27,"column":350},"end":{"line":27,"column":378}},"42":{"start":{"line":27,"column":392},"end":{"line":27,"column":404}},"43":{"start":{"line":27,"column":419},"end":{"line":27,"column":432}},"44":{"start":{"line":27,"column":445},"end":{"line":27,"column":456}},"45":{"start":{"line":27,"column":469},"end":{"line":27,"column":480}},"46":{"start":{"line":27,"column":488},"end":{"line":27,"column":494}},"47":{"start":{"line":27,"column":501},"end":{"line":27,"column":508}},"48":{"start":{"line":27,"column":517},"end":{"line":27,"column":540}},"49":{"start":{"line":29,"column":13},"end":{"line":29,"column":37}},"50":{"start":{"line":29,"column":47},"end":{"line":29,"column":52}},"51":{"start":{"line":29,"column":65},"end":{"line":29,"column":70}},"52":{"start":{"line":31,"column":13},"end":{"line":31,"column":32}},"53":{"start":{"line":31,"column":43},"end":{"line":31,"column":48}},"54":{"start":{"line":31,"column":62},"end":{"line":31,"column":67}},"55":{"start":{"line":32,"column":13},"end":{"line":32,"column":32}},"56":{"start":{"line":32,"column":43},"end":{"line":32,"column":48}},"57":{"start":{"line":32,"column":62},"end":{"line":32,"column":67}},"58":{"start":{"line":34,"column":19},"end":{"line":34,"column":35}},"59":{"start":{"line":35,"column":16},"end":{"line":35,"column":32}},"60":{"start":{"line":37,"column":27},"end":{"line":37,"column":48}},"61":{"start":{"line":38,"column":21},"end":{"line":38,"column":41}},"62":{"start":{"line":39,"column":21},"end":{"line":39,"column":42}},"63":{"start":{"line":40,"column":4},"end":{"line":42,"column":18}},"64":{"start":{"line":41,"column":8},"end":{"line":41,"column":37}},"65":{"start":{"line":43,"column":4},"end":{"line":45,"column":16}},"66":{"start":{"line":44,"column":8},"end":{"line":44,"column":96}},"67":{"start":{"line":46,"column":20},"end":{"line":49,"column":5}},"68":{"start":{"line":47,"column":8},"end":{"line":47,"column":21}},"69":{"start":{"line":48,"column":8},"end":{"line":48,"column":21}},"70":{"start":{"line":50,"column":23},"end":{"line":54,"column":5}},"71":{"start":{"line":51,"column":8},"end":{"line":52,"column":19}},"72":{"start":{"line":52,"column":12},"end":{"line":52,"column":19}},"73":{"start":{"line":53,"column":8},"end":{"line":53,"column":55}},"74":{"start":{"line":55,"column":22},"end":{"line":73,"column":43}},"75":{"start":{"line":56,"column":8},"end":{"line":57,"column":19}},"76":{"start":{"line":57,"column":12},"end":{"line":57,"column":19}},"77":{"start":{"line":62,"column":29},"end":{"line":62,"column":73}},"78":{"start":{"line":63,"column":8},"end":{"line":68,"column":39}},"79":{"start":{"line":64,"column":12},"end":{"line":64,"column":38}},"80":{"start":{"line":65,"column":13},"end":{"line":68,"column":39}},"81":{"start":{"line":66,"column":12},"end":{"line":66,"column":25}},"82":{"start":{"line":67,"column":13},"end":{"line":68,"column":39}},"83":{"start":{"line":68,"column":12},"end":{"line":68,"column":39}},"84":{"start":{"line":69,"column":8},"end":{"line":72,"column":36}},"85":{"start":{"line":70,"column":12},"end":{"line":70,"column":33}},"86":{"start":{"line":71,"column":13},"end":{"line":72,"column":36}},"87":{"start":{"line":72,"column":12},"end":{"line":72,"column":36}},"88":{"start":{"line":74,"column":21},"end":{"line":105,"column":34}},"89":{"start":{"line":75,"column":8},"end":{"line":76,"column":19}},"90":{"start":{"line":76,"column":12},"end":{"line":76,"column":19}},"91":{"start":{"line":77,"column":8},"end":{"line":80,"column":null}},"92":{"start":{"line":78,"column":12},"end":{"line":78,"column":24}},"93":{"start":{"line":79,"column":12},"end":{"line":79,"column":19}},"94":{"start":{"line":81,"column":8},"end":{"line":104,"column":null}},"95":{"start":{"line":82,"column":12},"end":{"line":82,"column":35}},"96":{"start":{"line":83,"column":12},"end":{"line":84,"column":23}},"97":{"start":{"line":84,"column":16},"end":{"line":84,"column":23}},"98":{"start":{"line":85,"column":12},"end":{"line":94,"column":15}},"99":{"start":{"line":86,"column":16},"end":{"line":86,"column":36}},"100":{"start":{"line":87,"column":16},"end":{"line":87,"column":48}},"101":{"start":{"line":88,"column":16},"end":{"line":89,"column":48}},"102":{"start":{"line":89,"column":20},"end":{"line":89,"column":48}},"103":{"start":{"line":90,"column":16},"end":{"line":93,"column":25}},"104":{"start":{"line":91,"column":20},"end":{"line":91,"column":37}},"105":{"start":{"line":92,"column":20},"end":{"line":92,"column":32}},"106":{"start":{"line":97,"column":12},"end":{"line":97,"column":24}},"107":{"start":{"line":98,"column":12},"end":{"line":98,"column":35}},"108":{"start":{"line":99,"column":12},"end":{"line":100,"column":44}},"109":{"start":{"line":100,"column":16},"end":{"line":100,"column":44}},"110":{"start":{"line":101,"column":12},"end":{"line":103,"column":21}},"111":{"start":{"line":102,"column":16},"end":{"line":102,"column":33}},"112":{"start":{"line":106,"column":27},"end":{"line":116,"column":5}},"113":{"start":{"line":107,"column":27},"end":{"line":107,"column":42}},"114":{"start":{"line":107,"column":56},"end":{"line":107,"column":68}},"115":{"start":{"line":107,"column":85},"end":{"line":107,"column":100}},"116":{"start":{"line":108,"column":8},"end":{"line":111,"column":44}},"117":{"start":{"line":109,"column":12},"end":{"line":109,"column":45}},"118":{"start":{"line":111,"column":12},"end":{"line":111,"column":44}},"119":{"start":{"line":112,"column":8},"end":{"line":113,"column":23}},"120":{"start":{"line":113,"column":12},"end":{"line":113,"column":23}},"121":{"start":{"line":114,"column":8},"end":{"line":115,"column":60}},"122":{"start":{"line":115,"column":12},"end":{"line":115,"column":60}},"123":{"start":{"line":117,"column":16},"end":{"line":117,"column":99}},"124":{"start":{"line":118,"column":4},"end":{"line":120,"column":23}},"125":{"start":{"line":118,"column":51},"end":{"line":120,"column":7}},"126":{"start":{"line":121,"column":20},"end":{"line":131,"column":26}},"127":{"start":{"line":122,"column":20},"end":{"line":122,"column":28}},"128":{"start":{"line":122,"column":36},"end":{"line":122,"column":42}},"129":{"start":{"line":122,"column":53},"end":{"line":122,"column":62}},"130":{"start":{"line":122,"column":72},"end":{"line":122,"column":80}},"131":{"start":{"line":123,"column":8},"end":{"line":130,"column":259}},"132":{"start":{"line":132,"column":24},"end":{"line":142,"column":29}},"133":{"start":{"line":132,"column":54},"end":{"line":142,"column":18}},"134":{"start":{"line":140,"column":29},"end":{"line":140,"column":38}},"135":{"start":{"line":140,"column":48},"end":{"line":140,"column":56}},"136":{"start":{"line":141,"column":16},"end":{"line":141,"column":274}},"137":{"start":{"line":141,"column":104},"end":{"line":141,"column":134}},"138":{"start":{"line":143,"column":4},"end":{"line":158,"column":29}},"139":{"start":{"line":160,"column":0},"end":{"line":160,"column":56}}},"fnMap":{"0":{"name":"(anonymous_0)","decl":{"start":{"line":2,"column":42},"end":{"line":2,"column":null}},"loc":{"start":{"line":2,"column":42},"end":{"line":12,"column":1}}},"1":{"name":"(anonymous_1)","decl":{"start":{"line":3,"column":32},"end":{"line":3,"column":41}},"loc":{"start":{"line":3,"column":42},"end":{"line":10,"column":5}}},"2":{"name":"(anonymous_2)","decl":{"start":{"line":13,"column":50},"end":{"line":13,"column":60}},"loc":{"start":{"line":13,"column":63},"end":{"line":19,"column":1}}},"3":{"name":"(anonymous_3)","decl":{"start":{"line":26,"column":24},"end":{"line":26,"column":34}},"loc":{"start":{"line":26,"column":41},"end":{"line":159,"column":1}}},"4":{"name":"(anonymous_4)","decl":{"start":{"line":40,"column":22},"end":{"line":40,"column":null}},"loc":{"start":{"line":40,"column":22},"end":{"line":42,"column":5}}},"5":{"name":"(anonymous_5)","decl":{"start":{"line":43,"column":22},"end":{"line":43,"column":null}},"loc":{"start":{"line":43,"column":22},"end":{"line":45,"column":5}}},"6":{"name":"(anonymous_6)","decl":{"start":{"line":46,"column":20},"end":{"line":46,"column":null}},"loc":{"start":{"line":46,"column":20},"end":{"line":49,"column":5}}},"7":{"name":"(anonymous_7)","decl":{"start":{"line":50,"column":23},"end":{"line":50,"column":33}},"loc":{"start":{"line":50,"column":39},"end":{"line":54,"column":5}}},"8":{"name":"(anonymous_8)","decl":{"start":{"line":55,"column":42},"end":{"line":55,"column":52}},"loc":{"start":{"line":55,"column":58},"end":{"line":73,"column":5}}},"9":{"name":"(anonymous_9)","decl":{"start":{"line":74,"column":41},"end":{"line":74,"column":51}},"loc":{"start":{"line":74,"column":57},"end":{"line":105,"column":5}}},"10":{"name":"(anonymous_10)","decl":{"start":{"line":85,"column":30},"end":{"line":85,"column":null}},"loc":{"start":{"line":85,"column":30},"end":{"line":94,"column":13}}},"11":{"name":"(anonymous_11)","decl":{"start":{"line":90,"column":43},"end":{"line":90,"column":null}},"loc":{"start":{"line":90,"column":43},"end":{"line":93,"column":17}}},"12":{"name":"(anonymous_12)","decl":{"start":{"line":101,"column":39},"end":{"line":101,"column":null}},"loc":{"start":{"line":101,"column":39},"end":{"line":103,"column":13}}},"13":{"name":"(anonymous_13)","decl":{"start":{"line":106,"column":27},"end":{"line":106,"column":37}},"loc":{"start":{"line":106,"column":39},"end":{"line":116,"column":5}}},"14":{"name":"(anonymous_14)","decl":{"start":{"line":118,"column":37},"end":{"line":118,"column":51}},"loc":{"start":{"line":118,"column":37},"end":{"line":120,"column":9}}},"15":{"name":"(anonymous_15)","decl":{"start":{"line":121,"column":40},"end":{"line":121,"column":50}},"loc":{"start":{"line":121,"column":52},"end":{"line":131,"column":5}}},"16":{"name":"(anonymous_16)","decl":{"start":{"line":132,"column":40},"end":{"line":132,"column":54}},"loc":{"start":{"line":132,"column":40},"end":{"line":142,"column":20}}},"17":{"name":"(anonymous_17)","decl":{"start":{"line":139,"column":80},"end":{"line":139,"column":90}},"loc":{"start":{"line":139,"column":92},"end":{"line":142,"column":13}}},"18":{"name":"(anonymous_18)","decl":{"start":{"line":141,"column":87},"end":{"line":141,"column":97}},"loc":{"start":{"line":141,"column":100},"end":{"line":141,"column":136}}}},"branchMap":{"0":{"loc":{"start":{"line":2,"column":16},"end":{"line":2,"column":20}},"type":"binary-expr","locations":[{"start":{"line":2,"column":16},"end":{"line":2,"column":20}},{"start":{"line":2,"column":24},"end":{"line":2,"column":37}},{"start":{"line":2,"column":42},"end":{"line":12,"column":1}}]},"1":{"loc":{"start":{"line":3,"column":15},"end":{"line":3,"column":28}},"type":"binary-expr","locations":[{"start":{"line":3,"column":15},"end":{"line":3,"column":28}},{"start":{"line":3,"column":32},"end":{"line":10,"column":5}}]},"2":{"loc":{"start":{"line":6,"column":29},"end":{"line":7,"column":28}},"type":"if","locations":[{"start":{"line":6,"column":29},"end":{"line":7,"column":28}},{"start":{"line":6,"column":29},"end":{"line":7,"column":28}}]},"3":{"loc":{"start":{"line":13,"column":20},"end":{"line":13,"column":24}},"type":"binary-expr","locations":[{"start":{"line":13,"column":20},"end":{"line":13,"column":24}},{"start":{"line":13,"column":28},"end":{"line":13,"column":45}},{"start":{"line":13,"column":50},"end":{"line":19,"column":1}}]},"4":{"loc":{"start":{"line":14,"column":4},"end":{"line":14,"column":42}},"type":"if","locations":[{"start":{"line":14,"column":4},"end":{"line":14,"column":42}},{"start":{"line":14,"column":4},"end":{"line":14,"column":42}}]},"5":{"loc":{"start":{"line":14,"column":8},"end":{"line":14,"column":11}},"type":"binary-expr","locations":[{"start":{"line":14,"column":8},"end":{"line":14,"column":11}},{"start":{"line":14,"column":15},"end":{"line":14,"column":29}}]},"6":{"loc":{"start":{"line":16,"column":4},"end":{"line":16,"column":99}},"type":"if","locations":[{"start":{"line":16,"column":4},"end":{"line":16,"column":99}},{"start":{"line":16,"column":4},"end":{"line":16,"column":99}}]},"7":{"loc":{"start":{"line":16,"column":40},"end":{"line":16,"column":99}},"type":"if","locations":[{"start":{"line":16,"column":40},"end":{"line":16,"column":99}},{"start":{"line":16,"column":40},"end":{"line":16,"column":99}}]},"8":{"loc":{"start":{"line":27,"column":75},"end":{"line":27,"column":79}},"type":"cond-expr","locations":[{"start":{"line":27,"column":75},"end":{"line":27,"column":79}},{"start":{"line":27,"column":82},"end":{"line":27,"column":84}}]},"9":{"loc":{"start":{"line":27,"column":145},"end":{"line":27,"column":148}},"type":"cond-expr","locations":[{"start":{"line":27,"column":145},"end":{"line":27,"column":148}},{"start":{"line":27,"column":151},"end":{"line":27,"column":153}}]},"10":{"loc":{"start":{"line":27,"column":198},"end":{"line":27,"column":203}},"type":"cond-expr","locations":[{"start":{"line":27,"column":198},"end":{"line":27,"column":203}},{"start":{"line":27,"column":206},"end":{"line":27,"column":208}}]},"11":{"loc":{"start":{"line":27,"column":247},"end":{"line":27,"column":249}},"type":"cond-expr","locations":[{"start":{"line":27,"column":247},"end":{"line":27,"column":249}},{"start":{"line":27,"column":252},"end":{"line":27,"column":254}}]},"12":{"loc":{"start":{"line":27,"column":313},"end":{"line":27,"column":320}},"type":"cond-expr","locations":[{"start":{"line":27,"column":313},"end":{"line":27,"column":320}},{"start":{"line":27,"column":323},"end":{"line":27,"column":325}}]},"13":{"loc":{"start":{"line":27,"column":366},"end":{"line":27,"column":373}},"type":"cond-expr","locations":[{"start":{"line":27,"column":366},"end":{"line":27,"column":373}},{"start":{"line":27,"column":376},"end":{"line":27,"column":378}}]},"14":{"loc":{"start":{"line":27,"column":533},"end":{"line":27,"column":535}},"type":"cond-expr","locations":[{"start":{"line":27,"column":533},"end":{"line":27,"column":535}},{"start":{"line":27,"column":538},"end":{"line":27,"column":540}}]},"15":{"loc":{"start":{"line":44,"column":29},"end":{"line":44,"column":51}},"type":"binary-expr","locations":[{"start":{"line":44,"column":29},"end":{"line":44,"column":51}},{"start":{"line":44,"column":55},"end":{"line":44,"column":74}},{"start":{"line":44,"column":78},"end":{"line":44,"column":95}}]},"16":{"loc":{"start":{"line":51,"column":8},"end":{"line":52,"column":19}},"type":"if","locations":[{"start":{"line":51,"column":8},"end":{"line":52,"column":19}},{"start":{"line":51,"column":8},"end":{"line":52,"column":19}}]},"17":{"loc":{"start":{"line":51,"column":12},"end":{"line":51,"column":30}},"type":"binary-expr","locations":[{"start":{"line":51,"column":12},"end":{"line":51,"column":30}},{"start":{"line":51,"column":34},"end":{"line":51,"column":58}}]},"18":{"loc":{"start":{"line":56,"column":8},"end":{"line":57,"column":19}},"type":"if","locations":[{"start":{"line":56,"column":8},"end":{"line":57,"column":19}},{"start":{"line":56,"column":8},"end":{"line":57,"column":19}}]},"19":{"loc":{"start":{"line":56,"column":12},"end":{"line":56,"column":30}},"type":"binary-expr","locations":[{"start":{"line":56,"column":12},"end":{"line":56,"column":30}},{"start":{"line":56,"column":34},"end":{"line":56,"column":58}}]},"20":{"loc":{"start":{"line":63,"column":8},"end":{"line":68,"column":39}},"type":"if","locations":[{"start":{"line":63,"column":8},"end":{"line":68,"column":39}},{"start":{"line":63,"column":8},"end":{"line":68,"column":39}}]},"21":{"loc":{"start":{"line":63,"column":12},"end":{"line":63,"column":30}},"type":"binary-expr","locations":[{"start":{"line":63,"column":12},"end":{"line":63,"column":30}},{"start":{"line":63,"column":34},"end":{"line":63,"column":67}}]},"22":{"loc":{"start":{"line":65,"column":13},"end":{"line":68,"column":39}},"type":"if","locations":[{"start":{"line":65,"column":13},"end":{"line":68,"column":39}},{"start":{"line":65,"column":13},"end":{"line":68,"column":39}}]},"23":{"loc":{"start":{"line":67,"column":13},"end":{"line":68,"column":39}},"type":"if","locations":[{"start":{"line":67,"column":13},"end":{"line":68,"column":39}},{"start":{"line":67,"column":13},"end":{"line":68,"column":39}}]},"24":{"loc":{"start":{"line":69,"column":8},"end":{"line":72,"column":36}},"type":"if","locations":[{"start":{"line":69,"column":8},"end":{"line":72,"column":36}},{"start":{"line":69,"column":8},"end":{"line":72,"column":36}}]},"25":{"loc":{"start":{"line":69,"column":12},"end":{"line":69,"column":36}},"type":"binary-expr","locations":[{"start":{"line":69,"column":12},"end":{"line":69,"column":36}},{"start":{"line":69,"column":40},"end":{"line":69,"column":60}}]},"26":{"loc":{"start":{"line":71,"column":13},"end":{"line":72,"column":36}},"type":"if","locations":[{"start":{"line":71,"column":13},"end":{"line":72,"column":36}},{"start":{"line":71,"column":13},"end":{"line":72,"column":36}}]},"27":{"loc":{"start":{"line":75,"column":8},"end":{"line":76,"column":19}},"type":"if","locations":[{"start":{"line":75,"column":8},"end":{"line":76,"column":19}},{"start":{"line":75,"column":8},"end":{"line":76,"column":19}}]},"28":{"loc":{"start":{"line":77,"column":8},"end":{"line":80,"column":null}},"type":"if","locations":[{"start":{"line":77,"column":8},"end":{"line":80,"column":null}},{"start":{"line":77,"column":8},"end":{"line":80,"column":null}}]},"29":{"loc":{"start":{"line":81,"column":8},"end":{"line":104,"column":null}},"type":"if","locations":[{"start":{"line":81,"column":8},"end":{"line":104,"column":null}},{"start":{"line":81,"column":8},"end":{"line":104,"column":null}}]},"30":{"loc":{"start":{"line":83,"column":12},"end":{"line":84,"column":23}},"type":"if","locations":[{"start":{"line":83,"column":12},"end":{"line":84,"column":23}},{"start":{"line":83,"column":12},"end":{"line":84,"column":23}}]},"31":{"loc":{"start":{"line":88,"column":16},"end":{"line":89,"column":48}},"type":"if","locations":[{"start":{"line":88,"column":16},"end":{"line":89,"column":48}},{"start":{"line":88,"column":16},"end":{"line":89,"column":48}}]},"32":{"loc":{"start":{"line":99,"column":12},"end":{"line":100,"column":44}},"type":"if","locations":[{"start":{"line":99,"column":12},"end":{"line":100,"column":44}},{"start":{"line":99,"column":12},"end":{"line":100,"column":44}}]},"33":{"loc":{"start":{"line":108,"column":8},"end":{"line":111,"column":44}},"type":"if","locations":[{"start":{"line":108,"column":8},"end":{"line":111,"column":44}},{"start":{"line":108,"column":8},"end":{"line":111,"column":44}}]},"34":{"loc":{"start":{"line":112,"column":8},"end":{"line":113,"column":23}},"type":"if","locations":[{"start":{"line":112,"column":8},"end":{"line":113,"column":23}},{"start":{"line":112,"column":8},"end":{"line":113,"column":23}}]},"35":{"loc":{"start":{"line":112,"column":13},"end":{"line":112,"column":54}},"type":"binary-expr","locations":[{"start":{"line":112,"column":13},"end":{"line":112,"column":54}},{"start":{"line":112,"column":59},"end":{"line":112,"column":67}}]},"36":{"loc":{"start":{"line":114,"column":8},"end":{"line":115,"column":60}},"type":"if","locations":[{"start":{"line":114,"column":8},"end":{"line":115,"column":60}},{"start":{"line":114,"column":8},"end":{"line":115,"column":60}}]},"37":{"loc":{"start":{"line":128,"column":44},"end":{"line":130,"column":250}},"type":"cond-expr","locations":[{"start":{"line":128,"column":44},"end":{"line":130,"column":250}},{"start":{"line":130,"column":253},"end":{"line":130,"column":255}}]},"38":{"loc":{"start":{"line":129,"column":21},"end":{"line":129,"column":180}},"type":"cond-expr","locations":[{"start":{"line":129,"column":21},"end":{"line":129,"column":180}},{"start":{"line":130,"column":21},"end":{"line":130,"column":249}}]},"39":{"loc":{"start":{"line":129,"column":150},"end":{"line":129,"column":169}},"type":"cond-expr","locations":[{"start":{"line":129,"column":150},"end":{"line":129,"column":169}},{"start":{"line":129,"column":172},"end":{"line":129,"column":179}}]},"40":{"loc":{"start":{"line":130,"column":150},"end":{"line":130,"column":169}},"type":"cond-expr","locations":[{"start":{"line":130,"column":150},"end":{"line":130,"column":169}},{"start":{"line":130,"column":172},"end":{"line":130,"column":248}}]},"41":{"loc":{"start":{"line":138,"column":23},"end":{"line":138,"column":49}},"type":"cond-expr","locations":[{"start":{"line":138,"column":23},"end":{"line":138,"column":49}},{"start":{"line":139,"column":13},"end":{"line":142,"column":14}}]},"42":{"loc":{"start":{"line":138,"column":35},"end":{"line":138,"column":44}},"type":"cond-expr","locations":[{"start":{"line":138,"column":35},"end":{"line":138,"column":44}},{"start":{"line":138,"column":47},"end":{"line":138,"column":49}}]},"43":{"loc":{"start":{"line":147,"column":55},"end":{"line":147,"column":61}},"type":"cond-expr","locations":[{"start":{"line":147,"column":55},"end":{"line":147,"column":61}},{"start":{"line":147,"column":64},"end":{"line":147,"column":73}}]},"44":{"loc":{"start":{"line":153,"column":89},"end":{"line":153,"column":95}},"type":"cond-expr","locations":[{"start":{"line":153,"column":89},"end":{"line":153,"column":95}},{"start":{"line":153,"column":98},"end":{"line":153,"column":107}}]},"45":{"loc":{"start":{"line":153,"column":40},"end":{"line":153,"column":62}},"type":"binary-expr","locations":[{"start":{"line":153,"column":40},"end":{"line":153,"column":62}},{"start":{"line":153,"column":66},"end":{"line":153,"column":86}}]},"46":{"loc":{"start":{"line":154,"column":64},"end":{"line":154,"column":96}},"type":"cond-expr","locations":[{"start":{"line":154,"column":64},"end":{"line":154,"column":96}},{"start":{"line":154,"column":99},"end":{"line":154,"column":101}}]},"47":{"loc":{"start":{"line":156,"column":24},"end":{"line":156,"column":155}},"type":"cond-expr","locations":[{"start":{"line":156,"column":24},"end":{"line":156,"column":155}},{"start":{"line":157,"column":26},"end":{"line":157,"column":152}}]},"48":{"loc":{"start":{"line":155,"column":29},"end":{"line":155,"column":48}},"type":"binary-expr","locations":[{"start":{"line":155,"column":29},"end":{"line":155,"column":48}},{"start":{"line":155,"column":52},"end":{"line":155,"column":68}}]},"49":{"loc":{"start":{"line":156,"column":48},"end":{"line":156,"column":69}},"type":"cond-expr","locations":[{"start":{"line":156,"column":48},"end":{"line":156,"column":69}},{"start":{"line":156,"column":72},"end":{"line":156,"column":155}}]},"50":{"loc":{"start":{"line":157,"column":50},"end":{"line":157,"column":71}},"type":"cond-expr","locations":[{"start":{"line":157,"column":50},"end":{"line":157,"column":71}},{"start":{"line":157,"column":74},"end":{"line":157,"column":152}}]}},"s":{"0":1,"1":0,"2":0,"3":0,"4":0,"5":0,"6":0,"7":0,"8":0,"9":0,"10":0,"11":1,"12":1,"13":0,"14":1,"15":1,"16":1,"17":28,"18":28,"19":1,"20":1,"21":1,"22":1,"23":1,"24":1,"25":1,"26":1,"27":1,"28":1,"29":1,"30":1,"31":1,"32":1,"33":1,"34":1,"35":1,"36":1,"37":1,"38":1,"39":1,"40":1,"41":1,"42":1,"43":1,"44":1,"45":1,"46":1,"47":1,"48":1,"49":1,"50":1,"51":1,"52":1,"53":1,"54":1,"55":1,"56":1,"57":1,"58":1,"59":1,"60":1,"61":1,"62":1,"63":1,"64":0,"65":1,"66":0,"67":1,"68":0,"69":0,"70":1,"71":0,"72":0,"73":0,"74":1,"75":0,"76":0,"77":0,"78":0,"79":0,"80":0,"81":0,"82":0,"83":0,"84":0,"85":0,"86":0,"87":0,"88":1,"89":0,"90":0,"91":0,"92":0,"93":0,"94":0,"95":0,"96":0,"97":0,"98":0,"99":0,"100":0,"101":0,"102":0,"103":0,"104":0,"105":0,"106":0,"107":0,"108":0,"109":0,"110":0,"111":0,"112":1,"113":0,"114":0,"115":0,"116":0,"117":0,"118":0,"119":0,"120":0,"121":0,"122":0,"123":1,"124":1,"125":0,"126":1,"127":0,"128":0,"129":0,"130":0,"131":0,"132":1,"133":1,"134":0,"135":0,"136":0,"137":0,"138":1,"139":1},"f":{"0":0,"1":0,"2":1,"3":1,"4":0,"5":0,"6":0,"7":0,"8":0,"9":0,"10":0,"11":0,"12":0,"13":0,"14":0,"15":0,"16":1,"17":0,"18":0},"b":{"0":[1,1,1],"1":[0,0],"2":[0,0],"3":[1,1,1],"4":[0,1],"5":[1,1],"6":[1,0],"7":[28,0],"8":[0,1],"9":[1,0],"10":[1,0],"11":[1,0],"12":[0,1],"13":[1,0],"14":[1,0],"15":[0,0,0],"16":[0,0],"17":[0,0],"18":[0,0],"19":[0,0],"20":[0,0],"21":[0,0],"22":[0,0],"23":[0,0],"24":[0,0],"25":[0,0],"26":[0,0],"27":[0,0],"28":[0,0],"29":[0,0],"30":[0,0],"31":[0,0],"32":[0,0],"33":[0,0],"34":[0,0],"35":[0,0],"36":[0,0],"37":[0,0],"38":[0,0],"39":[0,0],"40":[0,0],"41":[1,0],"42":[0,1],"43":[0,1],"44":[0,1],"45":[1,1],"46":[0,1],"47":[1,0],"48":[1,1],"49":[0,1],"50":[0,0]}}
,"F:\\react-and-redux\\react-virtualized-scroll\\lib\\component\\ReactVirtualizedScroll\\index.js": {"path":"F:\\react-and-redux\\react-virtualized-scroll\\lib\\component\\ReactVirtualizedScroll\\index.js","statementMap":{"0":{"start":{"line":2,"column":22},"end":{"line":4,"column":1}},"1":{"start":{"line":3,"column":4},"end":{"line":3,"column":62}},"2":{"start":{"line":5,"column":0},"end":{"line":5,"column":62}},"3":{"start":{"line":6,"column":31},"end":{"line":6,"column":83}},"4":{"start":{"line":7,"column":0},"end":{"line":7,"column":51}}},"fnMap":{"0":{"name":"(anonymous_0)","decl":{"start":{"line":2,"column":56},"end":{"line":2,"column":66}},"loc":{"start":{"line":2,"column":69},"end":{"line":4,"column":1}}}},"branchMap":{"0":{"loc":{"start":{"line":2,"column":23},"end":{"line":2,"column":27}},"type":"binary-expr","locations":[{"start":{"line":2,"column":23},"end":{"line":2,"column":27}},{"start":{"line":2,"column":31},"end":{"line":2,"column":51}},{"start":{"line":2,"column":56},"end":{"line":4,"column":1}}]},"1":{"loc":{"start":{"line":3,"column":37},"end":{"line":3,"column":40}},"type":"cond-expr","locations":[{"start":{"line":3,"column":37},"end":{"line":3,"column":40}},{"start":{"line":3,"column":43},"end":{"line":3,"column":61}}]},"2":{"loc":{"start":{"line":3,"column":12},"end":{"line":3,"column":15}},"type":"binary-expr","locations":[{"start":{"line":3,"column":12},"end":{"line":3,"column":15}},{"start":{"line":3,"column":19},"end":{"line":3,"column":33}}]}},"s":{"0":1,"1":1,"2":1,"3":1,"4":1},"f":{"0":1},"b":{"0":[1,1,1],"1":[1,0],"2":[1,1]}}
,"F:\\react-and-redux\\react-virtualized-scroll\\lib\\component\\ReactVirtualizedScroll\\svg.js": {"path":"F:\\react-and-redux\\react-virtualized-scroll\\lib\\component\\ReactVirtualizedScroll\\svg.js","statementMap":{"0":{"start":{"line":2,"column":0},"end":{"line":2,"column":62}},"1":{"start":{"line":3,"column":0},"end":{"line":3,"column":3926}}},"fnMap":{},"branchMap":{},"s":{"0":1,"1":1},"f":{},"b":{}}
,"F:\\react-and-redux\\react-virtualized-scroll\\src\\component\\ReactVirtualizedScroll\\ReactVirtualizedScroll.tsx": {"path":"F:\\react-and-redux\\react-virtualized-scroll\\src\\component\\ReactVirtualizedScroll\\ReactVirtualizedScroll.tsx","statementMap":{"0":{"start":{"line":1,"column":0},"end":{"line":1,"column":126}},"1":{"start":{"line":2,"column":0},"end":{"line":2,"column":94}},"2":{"start":{"line":3,"column":0},"end":{"line":3,"column":39}},"3":{"start":{"line":4,"column":0},"end":{"line":4,"column":34}},"4":{"start":{"line":5,"column":0},"end":{"line":5,"column":20}},"5":{"start":{"line":31,"column":26},"end":{"line":237,"column":1}},"6":{"start":{"line":32,"column":2},"end":{"line":32,"column":10}},"7":{"start":{"line":33,"column":2},"end":{"line":33,"column":16}},"8":{"start":{"line":34,"column":2},"end":{"line":34,"column":23}},"9":{"start":{"line":35,"column":2},"end":{"line":35,"column":17}},"10":{"start":{"line":36,"column":2},"end":{"line":36,"column":11}},"11":{"start":{"line":37,"column":2},"end":{"line":37,"column":6}},"12":{"start":{"line":38,"column":2},"end":{"line":38,"column":18}},"13":{"start":{"line":39,"column":2},"end":{"line":39,"column":17}},"14":{"start":{"line":40,"column":2},"end":{"line":40,"column":11}},"15":{"start":{"line":41,"column":2},"end":{"line":41,"column":12}},"16":{"start":{"line":42,"column":2},"end":{"line":42,"column":10}},"17":{"start":{"line":43,"column":2},"end":{"line":43,"column":10}},"18":{"start":{"line":44,"column":2},"end":{"line":44,"column":5}},"19":{"start":{"line":45,"column":2},"end":{"line":45,"column":11}},"20":{"start":{"line":49,"column":8},"end":{"line":49,"column":9}},"21":{"start":{"line":49,"column":9},"end":{"line":49,"column":14}},"22":{"start":{"line":49,"column":16},"end":{"line":49,"column":52}},"23":{"start":{"line":51,"column":8},"end":{"line":51,"column":9}},"24":{"start":{"line":51,"column":9},"end":{"line":51,"column":15}},"25":{"start":{"line":51,"column":17},"end":{"line":51,"column":49}},"26":{"start":{"line":52,"column":8},"end":{"line":52,"column":9}},"27":{"start":{"line":52,"column":9},"end":{"line":52,"column":15}},"28":{"start":{"line":52,"column":17},"end":{"line":52,"column":49}},"29":{"start":{"line":54,"column":19},"end":{"line":54,"column":32}},"30":{"start":{"line":55,"column":16},"end":{"line":55,"column":29}},"31":{"start":{"line":57,"column":27},"end":{"line":57,"column":40}},"32":{"start":{"line":59,"column":21},"end":{"line":59,"column":33}},"33":{"start":{"line":60,"column":21},"end":{"line":60,"column":34}},"34":{"start":{"line":62,"column":2},"end":{"line":64,"column":null}},"35":{"start":{"line":63,"column":4},"end":{"line":63,"column":null}},"36":{"start":{"line":66,"column":2},"end":{"line":68,"column":null}},"37":{"start":{"line":67,"column":4},"end":{"line":67,"column":null}},"38":{"start":{"line":70,"column":20},"end":{"line":73,"column":3}},"39":{"start":{"line":71,"column":4},"end":{"line":71,"column":null}},"40":{"start":{"line":72,"column":4},"end":{"line":72,"column":null}},"41":{"start":{"line":75,"column":23},"end":{"line":78,"column":3}},"42":{"start":{"line":76,"column":4},"end":{"line":76,"column":62}},"43":{"start":{"line":76,"column":56},"end":{"line":76,"column":62}},"44":{"start":{"line":77,"column":4},"end":{"line":77,"column":null}},"45":{"start":{"line":80,"column":22},"end":{"line":92,"column":null}},"46":{"start":{"line":82,"column":6},"end":{"line":82,"column":64}},"47":{"start":{"line":82,"column":58},"end":{"line":82,"column":64}},"48":{"start":{"line":84,"column":29},"end":{"line":84,"column":73}},"49":{"start":{"line":85,"column":6},"end":{"line":87,"column":null}},"50":{"start":{"line":85,"column":67},"end":{"line":85,"column":null}},"51":{"start":{"line":86,"column":11},"end":{"line":87,"column":null}},"52":{"start":{"line":86,"column":35},"end":{"line":86,"column":null}},"53":{"start":{"line":87,"column":11},"end":{"line":87,"column":null}},"54":{"start":{"line":87,"column":49},"end":{"line":87,"column":null}},"55":{"start":{"line":89,"column":6},"end":{"line":90,"column":null}},"56":{"start":{"line":89,"column":60},"end":{"line":89,"column":null}},"57":{"start":{"line":90,"column":11},"end":{"line":90,"column":null}},"58":{"start":{"line":90,"column":42},"end":{"line":90,"column":null}},"59":{"start":{"line":95,"column":21},"end":{"line":124,"column":null}},"60":{"start":{"line":97,"column":6},"end":{"line":97,"column":36}},"61":{"start":{"line":97,"column":30},"end":{"line":97,"column":36}},"62":{"start":{"line":98,"column":6},"end":{"line":101,"column":null}},"63":{"start":{"line":99,"column":8},"end":{"line":99,"column":null}},"64":{"start":{"line":100,"column":8},"end":{"line":100,"column":14}},"65":{"start":{"line":102,"column":6},"end":{"line":121,"column":null}},"66":{"start":{"line":103,"column":8},"end":{"line":103,"column":null}},"67":{"start":{"line":104,"column":8},"end":{"line":104,"column":31}},"68":{"start":{"line":104,"column":25},"end":{"line":104,"column":31}},"69":{"start":{"line":105,"column":8},"end":{"line":113,"column":null}},"70":{"start":{"line":106,"column":10},"end":{"line":106,"column":null}},"71":{"start":{"line":107,"column":10},"end":{"line":107,"column":null}},"72":{"start":{"line":108,"column":10},"end":{"line":108,"column":null}},"73":{"start":{"line":108,"column":29},"end":{"line":108,"column":null}},"74":{"start":{"line":109,"column":10},"end":{"line":112,"column":null}},"75":{"start":{"line":110,"column":12},"end":{"line":110,"column":null}},"76":{"start":{"line":111,"column":12},"end":{"line":111,"column":null}},"77":{"start":{"line":115,"column":8},"end":{"line":115,"column":null}},"78":{"start":{"line":116,"column":8},"end":{"line":116,"column":null}},"79":{"start":{"line":117,"column":8},"end":{"line":117,"column":null}},"80":{"start":{"line":117,"column":27},"end":{"line":117,"column":null}},"81":{"start":{"line":118,"column":8},"end":{"line":120,"column":null}},"82":{"start":{"line":119,"column":10},"end":{"line":119,"column":null}},"83":{"start":{"line":127,"column":27},"end":{"line":134,"column":3}},"84":{"start":{"line":127,"column":30},"end":{"line":127,"column":42}},"85":{"start":{"line":127,"column":44},"end":{"line":127,"column":53}},"86":{"start":{"line":127,"column":55},"end":{"line":127,"column":67}},"87":{"start":{"line":129,"column":4},"end":{"line":130,"column":null}},"88":{"start":{"line":129,"column":25},"end":{"line":129,"column":null}},"89":{"start":{"line":130,"column":9},"end":{"line":130,"column":null}},"90":{"start":{"line":132,"column":4},"end":{"line":132,"column":null}},"91":{"start":{"line":132,"column":65},"end":{"line":132,"column":null}},"92":{"start":{"line":133,"column":4},"end":{"line":133,"column":null}},"93":{"start":{"line":133,"column":18},"end":{"line":133,"column":null}},"94":{"start":{"line":136,"column":16},"end":{"line":136,"column":77}},"95":{"start":{"line":138,"column":2},"end":{"line":144,"column":null}},"96":{"start":{"line":140,"column":10},"end":{"line":142,"column":null}},"97":{"start":{"line":146,"column":20},"end":{"line":178,"column":null}},"98":{"start":{"line":147,"column":7},"end":{"line":147,"column":12}},"99":{"start":{"line":147,"column":14},"end":{"line":147,"column":17}},"100":{"start":{"line":147,"column":19},"end":{"line":147,"column":25}},"101":{"start":{"line":147,"column":27},"end":{"line":147,"column":32}},"102":{"start":{"line":148,"column":6},"end":{"line":176,"column":null}},"103":{"start":{"line":181,"column":24},"end":{"line":209,"column":12}},"104":{"start":{"line":181,"column":38},"end":{"line":209,"column":5}},"105":{"start":{"line":193,"column":21},"end":{"line":193,"column":27}},"106":{"start":{"line":193,"column":29},"end":{"line":193,"column":34}},"107":{"start":{"line":193,"column":46},"end":{"line":203,"column":null}},"108":{"start":{"line":195,"column":41},"end":{"line":195,"column":null}},"109":{"start":{"line":211,"column":2},"end":{"line":236,"column":4}},"110":{"start":{"line":239,"column":0},"end":{"line":239,"column":45}}},"fnMap":{"0":{"name":"(anonymous_3)","decl":{"start":{"line":31,"column":26},"end":{"line":31,"column":27}},"loc":{"start":{"line":46,"column":25},"end":{"line":237,"column":1}}},"1":{"name":"(anonymous_4)","decl":{"start":{"line":62,"column":12},"end":{"line":62,"column":null}},"loc":{"start":{"line":62,"column":12},"end":{"line":64,"column":3}}},"2":{"name":"(anonymous_5)","decl":{"start":{"line":66,"column":12},"end":{"line":66,"column":null}},"loc":{"start":{"line":66,"column":12},"end":{"line":68,"column":3}}},"3":{"name":"(anonymous_6)","decl":{"start":{"line":70,"column":20},"end":{"line":70,"column":null}},"loc":{"start":{"line":70,"column":20},"end":{"line":73,"column":3}}},"4":{"name":"(anonymous_7)","decl":{"start":{"line":75,"column":23},"end":{"line":75,"column":24}},"loc":{"start":{"line":75,"column":42},"end":{"line":78,"column":3}}},"5":{"name":"(anonymous_8)","decl":{"start":{"line":81,"column":4},"end":{"line":81,"column":5}},"loc":{"start":{"line":81,"column":23},"end":{"line":91,"column":5}}},"6":{"name":"(anonymous_9)","decl":{"start":{"line":96,"column":4},"end":{"line":96,"column":5}},"loc":{"start":{"line":96,"column":23},"end":{"line":123,"column":5}}},"7":{"name":"(anonymous_10)","decl":{"start":{"line":105,"column":26},"end":{"line":105,"column":null}},"loc":{"start":{"line":105,"column":26},"end":{"line":113,"column":9}}},"8":{"name":"(anonymous_11)","decl":{"start":{"line":109,"column":37},"end":{"line":109,"column":null}},"loc":{"start":{"line":109,"column":37},"end":{"line":112,"column":11}}},"9":{"name":"(anonymous_12)","decl":{"start":{"line":118,"column":35},"end":{"line":118,"column":null}},"loc":{"start":{"line":118,"column":35},"end":{"line":120,"column":9}}},"10":{"name":"(anonymous_13)","decl":{"start":{"line":127,"column":27},"end":{"line":127,"column":28}},"loc":{"start":{"line":127,"column":74},"end":{"line":134,"column":3}}},"11":{"name":"(anonymous_14)","decl":{"start":{"line":140,"column":4},"end":{"line":140,"column":10}},"loc":{"start":{"line":140,"column":4},"end":{"line":140,"column":11}}},"12":{"name":"(anonymous_15)","decl":{"start":{"line":147,"column":4},"end":{"line":147,"column":5}},"loc":{"start":{"line":147,"column":39},"end":{"line":177,"column":5}}},"13":{"name":"(anonymous_16)","decl":{"start":{"line":181,"column":32},"end":{"line":181,"column":38}},"loc":{"start":{"line":181,"column":32},"end":{"line":181,"column":null}}},"14":{"name":"(anonymous_17)","decl":{"start":{"line":193,"column":18},"end":{"line":193,"column":19}},"loc":{"start":{"line":193,"column":41},"end":{"line":193,"column":null}}},"15":{"name":"(anonymous_18)","decl":{"start":{"line":195,"column":27},"end":{"line":195,"column":28}},"loc":{"start":{"line":195,"column":36},"end":{"line":195,"column":49}}}},"branchMap":{"0":{"loc":{"start":{"line":33,"column":2},"end":{"line":33,"column":16}},"type":"cond-expr","locations":[{"start":{"line":33,"column":2},"end":{"line":33,"column":16}},{"start":{"line":33,"column":2},"end":{"line":33,"column":16}}]},"1":{"loc":{"start":{"line":34,"column":2},"end":{"line":34,"column":23}},"type":"cond-expr","locations":[{"start":{"line":34,"column":2},"end":{"line":34,"column":23}},{"start":{"line":34,"column":2},"end":{"line":34,"column":23}}]},"2":{"loc":{"start":{"line":35,"column":2},"end":{"line":35,"column":17}},"type":"cond-expr","locations":[{"start":{"line":35,"column":2},"end":{"line":35,"column":17}},{"start":{"line":35,"column":2},"end":{"line":35,"column":17}}]},"3":{"loc":{"start":{"line":36,"column":2},"end":{"line":36,"column":11}},"type":"cond-expr","locations":[{"start":{"line":36,"column":2},"end":{"line":36,"column":11}},{"start":{"line":36,"column":2},"end":{"line":36,"column":11}}]},"4":{"loc":{"start":{"line":38,"column":2},"end":{"line":38,"column":18}},"type":"cond-expr","locations":[{"start":{"line":38,"column":2},"end":{"line":38,"column":18}},{"start":{"line":38,"column":2},"end":{"line":38,"column":18}}]},"5":{"loc":{"start":{"line":39,"column":2},"end":{"line":39,"column":17}},"type":"cond-expr","locations":[{"start":{"line":39,"column":2},"end":{"line":39,"column":17}},{"start":{"line":39,"column":2},"end":{"line":39,"column":17}}]},"6":{"loc":{"start":{"line":45,"column":2},"end":{"line":45,"column":11}},"type":"cond-expr","locations":[{"start":{"line":45,"column":2},"end":{"line":45,"column":11}},{"start":{"line":45,"column":2},"end":{"line":45,"column":11}}]},"7":{"loc":{"start":{"line":67,"column":25},"end":{"line":67,"column":47}},"type":"binary-expr","locations":[{"start":{"line":67,"column":25},"end":{"line":67,"column":47}},{"start":{"line":67,"column":51},"end":{"line":67,"column":70}},{"start":{"line":67,"column":74},"end":{"line":67,"column":91}}]},"8":{"loc":{"start":{"line":76,"column":4},"end":{"line":76,"column":62}},"type":"if","locations":[{"start":{"line":76,"column":4},"end":{"line":76,"column":62}},{"start":{"line":76,"column":4},"end":{"line":76,"column":62}}]},"9":{"loc":{"start":{"line":76,"column":8},"end":{"line":76,"column":26}},"type":"binary-expr","locations":[{"start":{"line":76,"column":8},"end":{"line":76,"column":26}},{"start":{"line":76,"column":30},"end":{"line":76,"column":54}}]},"10":{"loc":{"start":{"line":82,"column":6},"end":{"line":82,"column":64}},"type":"if","locations":[{"start":{"line":82,"column":6},"end":{"line":82,"column":64}},{"start":{"line":82,"column":6},"end":{"line":82,"column":64}}]},"11":{"loc":{"start":{"line":82,"column":10},"end":{"line":82,"column":28}},"type":"binary-expr","locations":[{"start":{"line":82,"column":10},"end":{"line":82,"column":28}},{"start":{"line":82,"column":32},"end":{"line":82,"column":56}}]},"12":{"loc":{"start":{"line":85,"column":6},"end":{"line":87,"column":null}},"type":"if","locations":[{"start":{"line":85,"column":6},"end":{"line":87,"column":null}},{"start":{"line":85,"column":6},"end":{"line":87,"column":null}}]},"13":{"loc":{"start":{"line":85,"column":10},"end":{"line":85,"column":28}},"type":"binary-expr","locations":[{"start":{"line":85,"column":10},"end":{"line":85,"column":28}},{"start":{"line":85,"column":32},"end":{"line":85,"column":65}}]},"14":{"loc":{"start":{"line":86,"column":11},"end":{"line":87,"column":null}},"type":"if","locations":[{"start":{"line":86,"column":11},"end":{"line":87,"column":null}},{"start":{"line":86,"column":11},"end":{"line":87,"column":null}}]},"15":{"loc":{"start":{"line":87,"column":11},"end":{"line":87,"column":null}},"type":"if","locations":[{"start":{"line":87,"column":11},"end":{"line":87,"column":null}},{"start":{"line":87,"column":11},"end":{"line":87,"column":null}}]},"16":{"loc":{"start":{"line":89,"column":6},"end":{"line":90,"column":null}},"type":"if","locations":[{"start":{"line":89,"column":6},"end":{"line":90,"column":null}},{"start":{"line":89,"column":6},"end":{"line":90,"column":null}}]},"17":{"loc":{"start":{"line":89,"column":10},"end":{"line":89,"column":34}},"type":"binary-expr","locations":[{"start":{"line":89,"column":10},"end":{"line":89,"column":34}},{"start":{"line":89,"column":38},"end":{"line":89,"column":58}}]},"18":{"loc":{"start":{"line":90,"column":11},"end":{"line":90,"column":null}},"type":"if","locations":[{"start":{"line":90,"column":11},"end":{"line":90,"column":null}},{"start":{"line":90,"column":11},"end":{"line":90,"column":null}}]},"19":{"loc":{"start":{"line":97,"column":6},"end":{"line":97,"column":36}},"type":"if","locations":[{"start":{"line":97,"column":6},"end":{"line":97,"column":36}},{"start":{"line":97,"column":6},"end":{"line":97,"column":36}}]},"20":{"loc":{"start":{"line":98,"column":6},"end":{"line":101,"column":null}},"type":"if","locations":[{"start":{"line":98,"column":6},"end":{"line":101,"column":null}},{"start":{"line":98,"column":6},"end":{"line":101,"column":null}}]},"21":{"loc":{"start":{"line":102,"column":6},"end":{"line":121,"column":null}},"type":"if","locations":[{"start":{"line":102,"column":6},"end":{"line":121,"column":null}},{"start":{"line":102,"column":6},"end":{"line":121,"column":null}}]},"22":{"loc":{"start":{"line":104,"column":8},"end":{"line":104,"column":31}},"type":"if","locations":[{"start":{"line":104,"column":8},"end":{"line":104,"column":31}},{"start":{"line":104,"column":8},"end":{"line":104,"column":31}}]},"23":{"loc":{"start":{"line":108,"column":10},"end":{"line":108,"column":null}},"type":"if","locations":[{"start":{"line":108,"column":10},"end":{"line":108,"column":null}},{"start":{"line":108,"column":10},"end":{"line":108,"column":null}}]},"24":{"loc":{"start":{"line":117,"column":8},"end":{"line":117,"column":null}},"type":"if","locations":[{"start":{"line":117,"column":8},"end":{"line":117,"column":null}},{"start":{"line":117,"column":8},"end":{"line":117,"column":null}}]},"25":{"loc":{"start":{"line":129,"column":4},"end":{"line":130,"column":null}},"type":"if","locations":[{"start":{"line":129,"column":4},"end":{"line":130,"column":null}},{"start":{"line":129,"column":4},"end":{"line":130,"column":null}}]},"26":{"loc":{"start":{"line":132,"column":4},"end":{"line":132,"column":null}},"type":"if","locations":[{"start":{"line":132,"column":4},"end":{"line":132,"column":null}},{"start":{"line":132,"column":4},"end":{"line":132,"column":null}}]},"27":{"loc":{"start":{"line":132,"column":9},"end":{"line":132,"column":50}},"type":"binary-expr","locations":[{"start":{"line":132,"column":9},"end":{"line":132,"column":50}},{"start":{"line":132,"column":55},"end":{"line":132,"column":63}}]},"28":{"loc":{"start":{"line":133,"column":4},"end":{"line":133,"column":null}},"type":"if","locations":[{"start":{"line":133,"column":4},"end":{"line":133,"column":null}},{"start":{"line":133,"column":4},"end":{"line":133,"column":null}}]},"29":{"loc":{"start":{"line":162,"column":44},"end":{"line":171,"column":null}},"type":"cond-expr","locations":[{"start":{"line":162,"column":44},"end":{"line":171,"column":null}},{"start":{"line":172,"column":20},"end":{"line":172,"column":22}}]},"30":{"loc":{"start":{"line":164,"column":18},"end":{"line":165,"column":null}},"type":"cond-expr","locations":[{"start":{"line":164,"column":18},"end":{"line":165,"column":null}},{"start":{"line":169,"column":18},"end":{"line":170,"column":null}}]},"31":{"loc":{"start":{"line":165,"column":44},"end":{"line":165,"column":63}},"type":"cond-expr","locations":[{"start":{"line":165,"column":44},"end":{"line":165,"column":63}},{"start":{"line":165,"column":66},"end":{"line":165,"column":73}}]},"32":{"loc":{"start":{"line":170,"column":44},"end":{"line":170,"column":63}},"type":"cond-expr","locations":[{"start":{"line":170,"column":44},"end":{"line":170,"column":63}},{"start":{"line":170,"column":66},"end":{"line":170,"column":100}}]},"33":{"loc":{"start":{"line":189,"column":25},"end":{"line":189,"column":51}},"type":"cond-expr","locations":[{"start":{"line":189,"column":25},"end":{"line":189,"column":51}},{"start":{"line":191,"column":14},"end":{"line":203,"column":null}}]},"34":{"loc":{"start":{"line":189,"column":37},"end":{"line":189,"column":46}},"type":"cond-expr","locations":[{"start":{"line":189,"column":37},"end":{"line":189,"column":46}},{"start":{"line":189,"column":49},"end":{"line":189,"column":51}}]},"35":{"loc":{"start":{"line":216,"column":45},"end":{"line":216,"column":51}},"type":"cond-expr","locations":[{"start":{"line":216,"column":45},"end":{"line":216,"column":51}},{"start":{"line":216,"column":54},"end":{"line":216,"column":63}}]},"36":{"loc":{"start":{"line":222,"column":75},"end":{"line":222,"column":81}},"type":"cond-expr","locations":[{"start":{"line":222,"column":75},"end":{"line":222,"column":81}},{"start":{"line":222,"column":84},"end":{"line":222,"column":93}}]},"37":{"loc":{"start":{"line":222,"column":26},"end":{"line":222,"column":48}},"type":"binary-expr","locations":[{"start":{"line":222,"column":26},"end":{"line":222,"column":48}},{"start":{"line":222,"column":52},"end":{"line":222,"column":72}}]},"38":{"loc":{"start":{"line":223,"column":50},"end":{"line":223,"column":82}},"type":"cond-expr","locations":[{"start":{"line":223,"column":50},"end":{"line":223,"column":82}},{"start":{"line":223,"column":85},"end":{"line":223,"column":87}}]},"39":{"loc":{"start":{"line":227,"column":18},"end":{"line":227,"column":116}},"type":"cond-expr","locations":[{"start":{"line":227,"column":18},"end":{"line":227,"column":116}},{"start":{"line":228,"column":19},"end":{"line":228,"column":112}}]},"40":{"loc":{"start":{"line":226,"column":16},"end":{"line":226,"column":35}},"type":"binary-expr","locations":[{"start":{"line":226,"column":16},"end":{"line":226,"column":35}},{"start":{"line":226,"column":39},"end":{"line":226,"column":55}}]},"41":{"loc":{"start":{"line":227,"column":42},"end":{"line":227,"column":63}},"type":"cond-expr","locations":[{"start":{"line":227,"column":42},"end":{"line":227,"column":63}},{"start":{"line":227,"column":66},"end":{"line":227,"column":116}}]},"42":{"loc":{"start":{"line":228,"column":43},"end":{"line":228,"column":64}},"type":"cond-expr","locations":[{"start":{"line":228,"column":43},"end":{"line":228,"column":64}},{"start":{"line":228,"column":67},"end":{"line":228,"column":112}}]}},"s":{"0":1,"1":1,"2":1,"3":1,"4":1,"5":1,"6":1,"7":2,"8":2,"9":2,"10":2,"11":1,"12":2,"13":2,"14":1,"15":1,"16":1,"17":1,"18":1,"19":2,"20":1,"21":1,"22":1,"23":1,"24":1,"25":1,"26":1,"27":1,"28":1,"29":1,"30":1,"31":1,"32":1,"33":1,"34":1,"35":0,"36":1,"37":0,"38":1,"39":0,"40":0,"41":1,"42":0,"43":0,"44":0,"45":1,"46":0,"47":0,"48":0,"49":0,"50":0,"51":0,"52":0,"53":0,"54":0,"55":0,"56":0,"57":0,"58":0,"59":1,"60":0,"61":0,"62":0,"63":0,"64":0,"65":0,"66":0,"67":0,"68":0,"69":0,"70":0,"71":0,"72":0,"73":0,"74":0,"75":0,"76":0,"77":0,"78":0,"79":0,"80":0,"81":0,"82":0,"83":1,"84":0,"85":0,"86":0,"87":0,"88":0,"89":0,"90":0,"91":0,"92":0,"93":0,"94":1,"95":1,"96":0,"97":1,"98":0,"99":0,"100":0,"101":0,"102":0,"103":1,"104":1,"105":0,"106":0,"107":0,"108":0,"109":1,"110":1},"f":{"0":1,"1":0,"2":0,"3":0,"4":0,"5":0,"6":0,"7":0,"8":0,"9":0,"10":0,"11":0,"12":0,"13":1,"14":0,"15":0},"b":{"0":[0,1],"1":[1,0],"2":[1,0],"3":[1,0],"4":[0,1],"5":[1,0],"6":[1,0],"7":[0,0,0],"8":[0,0],"9":[0,0],"10":[0,0],"11":[0,0],"12":[0,0],"13":[0,0],"14":[0,0],"15":[0,0],"16":[0,0],"17":[0,0],"18":[0,0],"19":[0,0],"20":[0,0],"21":[0,0],"22":[0,0],"23":[0,0],"24":[0,0],"25":[0,0],"26":[0,0],"27":[0,0],"28":[0,0],"29":[0,0],"30":[0,0],"31":[0,0],"32":[0,0],"33":[1,0],"34":[0,1],"35":[0,1],"36":[0,1],"37":[1,1],"38":[0,1],"39":[1,0],"40":[1,1],"41":[0,1],"42":[0,0]}}
,"F:\\react-and-redux\\react-virtualized-scroll\\src\\component\\ReactVirtualizedScroll\\index.tsx": {"path":"F:\\react-and-redux\\react-virtualized-scroll\\src\\component\\ReactVirtualizedScroll\\index.tsx","statementMap":{"0":{"start":{"line":1,"column":0},"end":{"line":1,"column":61}},"1":{"start":{"line":3,"column":0},"end":{"line":3,"column":null}}},"fnMap":{},"branchMap":{},"s":{"0":1,"1":1},"f":{},"b":{}}
,"F:\\react-and-redux\\react-virtualized-scroll\\src\\component\\ReactVirtualizedScroll\\svg.ts": {"path":"F:\\react-and-redux\\react-virtualized-scroll\\src\\component\\ReactVirtualizedScroll\\svg.ts","statementMap":{"0":{"start":{"line":1,"column":13},"end":{"line":1,"column":null}}},"fnMap":{},"branchMap":{},"s":{"0":1},"f":{},"b":{}}
}
