TN:
SF:G:\我的npm\react-virtualized-scroll\lib\component\ReactVirtualizedScroll\ReactVirtualizedScroll.js
FN:2,(anonymous_0)
FN:3,(anonymous_1)
FN:13,(anonymous_2)
FN:15,(anonymous_3)
FN:16,(anonymous_4)
FN:20,(anonymous_5)
FN:22,(anonymous_6)
FN:25,(anonymous_7)
FN:38,(anonymous_8)
FN:40,(anonymous_9)
FN:44,(anonymous_10)
FN:59,(anonymous_11)
FN:62,(anonymous_12)
FN:65,(anonymous_13)
FN:69,(anonymous_14)
FN:74,(anonymous_15)
FN:89,(anonymous_16)
FN:100,(anonymous_17)
FN:106,(anonymous_18)
FN:117,(anonymous_19)
FN:122,(anonymous_20)
FN:130,(anonymous_21)
FN:134,(anonymous_22)
FN:142,(anonymous_23)
FN:145,(anonymous_24)
FN:154,(anonymous_25)
FN:162,(anonymous_26)
FN:164,(anonymous_27)
FNF:28
FNH:6
FNDA:0,(anonymous_0)
FNDA:0,(anonymous_1)
FNDA:28,(anonymous_2)
FNDA:17,(anonymous_3)
FNDA:0,(anonymous_4)
FNDA:1,(anonymous_5)
FNDA:0,(anonymous_6)
FNDA:1,(anonymous_7)
FNDA:0,(anonymous_8)
FNDA:0,(anonymous_9)
FNDA:1,(anonymous_10)
FNDA:0,(anonymous_11)
FNDA:0,(anonymous_12)
FNDA:0,(anonymous_13)
FNDA:0,(anonymous_14)
FNDA:0,(anonymous_15)
FNDA:0,(anonymous_16)
FNDA:0,(anonymous_17)
FNDA:0,(anonymous_18)
FNDA:0,(anonymous_19)
FNDA:0,(anonymous_20)
FNDA:0,(anonymous_21)
FNDA:0,(anonymous_22)
FNDA:0,(anonymous_23)
FNDA:0,(anonymous_24)
FNDA:1,(anonymous_25)
FNDA:0,(anonymous_26)
FNDA:0,(anonymous_27)
DA:2,1
DA:3,0
DA:4,0
DA:5,0
DA:6,0
DA:7,0
DA:9,0
DA:11,0
DA:13,1
DA:14,28
DA:15,28
DA:17,0
DA:18,0
DA:20,1
DA:21,1
DA:23,0
DA:25,1
DA:26,1
DA:27,1
DA:28,28
DA:29,1
DA:30,1
DA:32,1
DA:33,1
DA:34,1
DA:35,1
DA:36,1
DA:37,1
DA:38,1
DA:39,0
DA:40,0
DA:41,0
DA:44,1
DA:45,1
DA:47,1
DA:49,1
DA:50,1
DA:52,1
DA:53,1
DA:55,1
DA:56,1
DA:57,1
DA:58,1
DA:59,1
DA:60,0
DA:62,1
DA:63,0
DA:65,1
DA:66,0
DA:67,0
DA:69,1
DA:70,0
DA:71,0
DA:72,0
DA:74,1
DA:75,0
DA:76,0
DA:77,0
DA:78,0
DA:79,0
DA:80,0
DA:81,0
DA:82,0
DA:83,0
DA:84,0
DA:85,0
DA:86,0
DA:87,0
DA:89,1
DA:90,0
DA:91,0
DA:92,0
DA:93,0
DA:94,0
DA:96,0
DA:97,0
DA:98,0
DA:99,0
DA:100,0
DA:101,0
DA:102,0
DA:103,0
DA:104,0
DA:105,0
DA:106,0
DA:107,0
DA:108,0
DA:113,0
DA:114,0
DA:115,0
DA:116,0
DA:117,0
DA:118,0
DA:122,1
DA:123,0
DA:124,0
DA:125,0
DA:127,0
DA:128,0
DA:129,0
DA:130,0
DA:131,0
DA:132,0
DA:133,0
DA:135,0
DA:138,0
DA:139,0
DA:141,1
DA:142,1
DA:145,1
DA:146,0
DA:147,0
DA:154,1
DA:155,1
DA:163,0
DA:164,0
DA:167,1
DA:184,1
LF:118
LH:44
BRDA:2,0,0,1
BRDA:2,0,1,1
BRDA:2,0,2,1
BRDA:3,1,0,0
BRDA:3,1,1,0
BRDA:6,2,0,0
BRDA:6,2,1,0
BRDA:13,3,0,1
BRDA:13,3,1,1
BRDA:13,3,2,1
BRDA:13,4,0,1
BRDA:13,4,1,0
BRDA:14,5,0,28
BRDA:14,5,1,0
BRDA:17,6,0,0
BRDA:17,6,1,0
BRDA:20,7,0,1
BRDA:20,7,1,1
BRDA:20,7,2,1
BRDA:20,8,0,1
BRDA:20,8,1,0
BRDA:25,9,0,1
BRDA:25,9,1,1
BRDA:25,9,2,1
BRDA:26,10,0,0
BRDA:26,10,1,1
BRDA:26,11,0,1
BRDA:26,11,1,1
BRDA:28,12,0,1
BRDA:28,12,1,0
BRDA:28,13,0,28
BRDA:28,13,1,0
BRDA:45,14,0,0
BRDA:45,14,1,1
BRDA:45,15,0,1
BRDA:45,15,1,0
BRDA:45,16,0,1
BRDA:45,16,1,0
BRDA:45,17,0,1
BRDA:45,17,1,0
BRDA:45,18,0,0
BRDA:45,18,1,1
BRDA:45,19,0,1
BRDA:45,19,1,0
BRDA:45,20,0,1
BRDA:45,20,1,0
BRDA:45,21,0,1
BRDA:45,21,1,0
BRDA:45,22,0,1
BRDA:45,22,1,0
BRDA:45,23,0,1
BRDA:45,23,1,0
BRDA:63,24,0,0
BRDA:63,24,1,0
BRDA:63,24,2,0
BRDA:63,24,3,0
BRDA:70,25,0,0
BRDA:70,25,1,0
BRDA:70,26,0,0
BRDA:70,26,1,0
BRDA:75,27,0,0
BRDA:75,27,1,0
BRDA:75,28,0,0
BRDA:75,28,1,0
BRDA:78,29,0,0
BRDA:78,29,1,0
BRDA:78,30,0,0
BRDA:78,30,1,0
BRDA:80,31,0,0
BRDA:80,31,1,0
BRDA:82,32,0,0
BRDA:82,32,1,0
BRDA:84,33,0,0
BRDA:84,33,1,0
BRDA:84,34,0,0
BRDA:84,34,1,0
BRDA:86,35,0,0
BRDA:86,35,1,0
BRDA:90,36,0,0
BRDA:90,36,1,0
BRDA:92,37,0,0
BRDA:92,37,1,0
BRDA:96,38,0,0
BRDA:96,38,1,0
BRDA:98,39,0,0
BRDA:98,39,1,0
BRDA:102,40,0,0
BRDA:102,40,1,0
BRDA:104,41,0,0
BRDA:104,41,1,0
BRDA:115,42,0,0
BRDA:115,42,1,0
BRDA:124,43,0,0
BRDA:124,43,1,0
BRDA:128,44,0,0
BRDA:128,44,1,0
BRDA:128,45,0,0
BRDA:128,45,1,0
BRDA:128,45,2,0
BRDA:132,46,0,0
BRDA:132,46,1,0
BRDA:138,47,0,0
BRDA:138,47,1,0
BRDA:150,48,0,0
BRDA:150,48,1,0
BRDA:151,49,0,0
BRDA:151,49,1,0
BRDA:151,50,0,0
BRDA:151,50,1,0
BRDA:152,51,0,0
BRDA:152,51,1,0
BRDA:161,52,0,1
BRDA:161,52,1,0
BRDA:161,53,0,0
BRDA:161,53,1,1
BRDA:171,54,0,0
BRDA:171,54,1,1
BRDA:177,55,0,0
BRDA:177,55,1,1
BRDA:177,56,0,1
BRDA:177,56,1,1
BRDA:178,57,0,0
BRDA:178,57,1,1
BRDA:180,58,0,1
BRDA:180,58,1,0
BRDA:179,59,0,1
BRDA:179,59,1,1
BRDA:180,60,0,0
BRDA:180,60,1,1
BRDA:181,61,0,0
BRDA:181,61,1,0
BRF:131
BRH:41
end_of_record
TN:
SF:G:\我的npm\react-virtualized-scroll\lib\component\ReactVirtualizedScroll\index.js
FN:2,(anonymous_0)
FNF:1
FNH:1
FNDA:1,(anonymous_0)
DA:2,1
DA:3,1
DA:5,1
DA:6,1
DA:7,1
DA:8,1
LF:6
LH:6
BRDA:2,0,0,1
BRDA:2,0,1,1
BRDA:2,0,2,1
BRDA:3,1,0,1
BRDA:3,1,1,0
BRDA:3,2,0,1
BRDA:3,2,1,1
BRF:7
BRH:6
end_of_record
TN:
SF:G:\我的npm\react-virtualized-scroll\lib\component\ReactVirtualizedScroll\svg.js
FNF:0
FNH:0
DA:2,1
DA:3,1
DA:4,1
LF:3
LH:3
BRF:0
BRH:0
end_of_record
TN:
SF:G:\我的npm\react-virtualized-scroll\lib\component\ReactVirtualizedScroll\utils.js
FN:5,(anonymous_0)
FN:8,(anonymous_1)
FNF:2
FNH:0
FNDA:0,(anonymous_0)
FNDA:0,(anonymous_1)
DA:2,1
DA:3,1
DA:4,1
DA:5,1
DA:6,0
DA:7,0
DA:8,0
DA:9,0
DA:11,0
LF:9
LH:4
BRF:0
BRH:0
end_of_record
TN:
SF:G:\我的npm\react-virtualized-scroll\src\component\ReactVirtualizedScroll\ReactVirtualizedScroll.tsx
FN:31,(anonymous_8)
FN:32,(anonymous_9)
FN:37,(anonymous_10)
FN:69,(anonymous_11)
FN:73,(anonymous_12)
FN:77,(anonymous_13)
FN:82,(anonymous_14)
FN:88,(anonymous_15)
FN:103,(anonymous_16)
FN:112,(anonymous_17)
FN:116,(anonymous_18)
FN:125,(anonymous_19)
FN:134,(anonymous_20)
FN:141,(anonymous_21)
FN:144,(anonymous_22)
FN:155,(anonymous_23)
FN:162,(anonymous_24)
FN:198,(anonymous_25)
FN:211,(anonymous_26)
FN:213,(anonymous_27)
FNF:20
FNH:2
FNDA:0,(anonymous_8)
FNDA:0,(anonymous_9)
FNDA:1,(anonymous_10)
FNDA:0,(anonymous_11)
FNDA:0,(anonymous_12)
FNDA:0,(anonymous_13)
FNDA:0,(anonymous_14)
FNDA:0,(anonymous_15)
FNDA:0,(anonymous_16)
FNDA:0,(anonymous_17)
FNDA:0,(anonymous_18)
FNDA:0,(anonymous_19)
FNDA:0,(anonymous_20)
FNDA:0,(anonymous_21)
FNDA:0,(anonymous_22)
FNDA:0,(anonymous_23)
FNDA:0,(anonymous_24)
FNDA:1,(anonymous_25)
FNDA:0,(anonymous_26)
FNDA:0,(anonymous_27)
DA:1,1
DA:2,1
DA:3,1
DA:4,1
DA:5,1
DA:31,1
DA:32,0
DA:33,0
DA:37,1
DA:38,1
DA:39,1
DA:40,1
DA:41,1
DA:42,1
DA:43,1
DA:44,1
DA:45,1
DA:46,1
DA:47,1
DA:48,1
DA:49,1
DA:50,1
DA:51,1
DA:55,1
DA:57,1
DA:58,1
DA:60,1
DA:61,1
DA:63,1
DA:65,1
DA:66,1
DA:67,1
DA:69,1
DA:70,0
DA:73,1
DA:74,0
DA:77,1
DA:78,0
DA:79,0
DA:82,1
DA:83,0
DA:84,0
DA:87,1
DA:89,0
DA:91,0
DA:92,0
DA:93,0
DA:94,0
DA:96,0
DA:97,0
DA:102,1
DA:104,0
DA:105,0
DA:106,0
DA:107,0
DA:109,0
DA:110,0
DA:111,0
DA:112,0
DA:113,0
DA:114,0
DA:115,0
DA:116,0
DA:117,0
DA:118,0
DA:122,0
DA:123,0
DA:124,0
DA:125,0
DA:126,0
DA:134,1
DA:136,0
DA:137,0
DA:139,0
DA:140,0
DA:141,0
DA:142,0
DA:143,0
DA:145,0
DA:148,0
DA:151,1
DA:153,1
DA:155,0
DA:161,1
DA:162,0
DA:163,0
DA:198,1
DA:199,1
DA:211,0
DA:213,0
DA:230,1
DA:258,1
LF:92
LH:44
BRDA:39,0,0,0
BRDA:39,0,1,1
BRDA:40,1,0,1
BRDA:40,1,1,0
BRDA:41,2,0,1
BRDA:41,2,1,0
BRDA:42,3,0,1
BRDA:42,3,1,0
BRDA:44,4,0,0
BRDA:44,4,1,1
BRDA:45,5,0,1
BRDA:45,5,1,0
BRDA:47,6,0,1
BRDA:47,6,1,0
BRDA:48,7,0,1
BRDA:48,7,1,0
BRDA:49,8,0,1
BRDA:49,8,1,0
BRDA:51,9,0,1
BRDA:51,9,1,0
BRDA:74,10,0,0
BRDA:74,10,1,0
BRDA:74,10,2,0
BRDA:74,10,3,0
BRDA:83,11,0,0
BRDA:83,11,1,0
BRDA:83,12,0,0
BRDA:83,12,1,0
BRDA:89,13,0,0
BRDA:89,13,1,0
BRDA:89,14,0,0
BRDA:89,14,1,0
BRDA:92,15,0,0
BRDA:92,15,1,0
BRDA:92,16,0,0
BRDA:92,16,1,0
BRDA:93,17,0,0
BRDA:93,17,1,0
BRDA:94,18,0,0
BRDA:94,18,1,0
BRDA:96,19,0,0
BRDA:96,19,1,0
BRDA:96,20,0,0
BRDA:96,20,1,0
BRDA:97,21,0,0
BRDA:97,21,1,0
BRDA:104,22,0,0
BRDA:104,22,1,0
BRDA:105,23,0,0
BRDA:105,23,1,0
BRDA:109,24,0,0
BRDA:109,24,1,0
BRDA:111,25,0,0
BRDA:111,25,1,0
BRDA:114,26,0,0
BRDA:114,26,1,0
BRDA:115,27,0,0
BRDA:115,27,1,0
BRDA:124,28,0,0
BRDA:124,28,1,0
BRDA:136,29,0,0
BRDA:136,29,1,0
BRDA:139,30,0,0
BRDA:139,30,1,0
BRDA:139,31,0,0
BRDA:139,31,1,0
BRDA:139,31,2,0
BRDA:143,32,0,0
BRDA:143,32,1,0
BRDA:148,33,0,0
BRDA:148,33,1,0
BRDA:180,34,0,0
BRDA:180,34,1,0
BRDA:182,35,0,0
BRDA:182,35,1,0
BRDA:183,36,0,0
BRDA:183,36,1,0
BRDA:188,37,0,0
BRDA:188,37,1,0
BRDA:207,38,0,1
BRDA:207,38,1,0
BRDA:207,39,0,0
BRDA:207,39,1,1
BRDA:235,40,0,0
BRDA:235,40,1,1
BRDA:241,41,0,0
BRDA:241,41,1,1
BRDA:241,42,0,1
BRDA:241,42,1,1
BRDA:242,43,0,0
BRDA:242,43,1,1
BRDA:246,44,0,1
BRDA:246,44,1,0
BRDA:245,45,0,1
BRDA:245,45,1,1
BRDA:246,46,0,0
BRDA:246,46,1,1
BRDA:247,47,0,0
BRDA:247,47,1,0
BRF:99
BRH:21
end_of_record
TN:
SF:G:\我的npm\react-virtualized-scroll\src\component\ReactVirtualizedScroll\index.tsx
FNF:0
FNH:0
DA:1,1
DA:2,1
DA:4,1
LF:3
LH:3
BRF:0
BRH:0
end_of_record
TN:
SF:G:\我的npm\react-virtualized-scroll\src\component\ReactVirtualizedScroll\svg.ts
FNF:0
FNH:0
DA:1,1
LF:1
LH:1
BRF:0
BRH:0
end_of_record
TN:
SF:G:\我的npm\react-virtualized-scroll\src\component\ReactVirtualizedScroll\utils.js
FN:2,(anonymous_0)
FN:5,(anonymous_1)
FNF:2
FNH:0
FNDA:0,(anonymous_0)
FNDA:0,(anonymous_1)
DA:1,1
DA:2,1
DA:3,0
DA:4,0
DA:5,0
DA:6,0
DA:8,0
LF:7
LH:2
BRF:0
BRH:0
end_of_record
