TN:
SF:G:\pack\react-virtualized-scroll\lib\component\ReactVirtualizedScroll\ReactVirtualizedScroll.js
FN:2,(anonymous_0)
FN:3,(anonymous_1)
FN:13,(anonymous_2)
FN:26,(anonymous_3)
FN:37,(anonymous_4)
FN:40,(anonymous_5)
FN:43,(anonymous_6)
FN:47,(anonymous_7)
FN:52,(anonymous_8)
FN:71,(anonymous_9)
FN:81,(anonymous_10)
FN:87,(anonymous_11)
FN:98,(anonymous_12)
FN:103,(anonymous_13)
FN:116,(anonymous_14)
FN:119,(anonymous_15)
FN:130,(anonymous_16)
FN:137,(anonymous_17)
FN:139,(anonymous_18)
FNF:19
FNH:4
FNDA:0,(anonymous_0)
FNDA:0,(anonymous_1)
FNDA:1,(anonymous_2)
FNDA:1,(anonymous_3)
FNDA:0,(anonymous_4)
FNDA:1,(anonymous_5)
FNDA:0,(anonymous_6)
FNDA:0,(anonymous_7)
FNDA:0,(anonymous_8)
FNDA:0,(anonymous_9)
FNDA:0,(anonymous_10)
FNDA:0,(anonymous_11)
FNDA:0,(anonymous_12)
FNDA:0,(anonymous_13)
FNDA:0,(anonymous_14)
FNDA:0,(anonymous_15)
FNDA:1,(anonymous_16)
FNDA:0,(anonymous_17)
FNDA:0,(anonymous_18)
DA:2,1
DA:3,0
DA:4,0
DA:5,0
DA:6,0
DA:7,0
DA:9,0
DA:11,0
DA:13,1
DA:14,1
DA:15,1
DA:16,28
DA:17,1
DA:18,1
DA:20,1
DA:21,1
DA:22,1
DA:23,1
DA:24,1
DA:25,1
DA:26,1
DA:27,1
DA:28,1
DA:29,1
DA:30,1
DA:31,1
DA:32,1
DA:33,1
DA:34,1
DA:35,1
DA:36,1
DA:37,1
DA:38,0
DA:40,1
DA:41,1
DA:43,1
DA:44,0
DA:45,0
DA:47,1
DA:48,0
DA:49,0
DA:50,0
DA:52,1
DA:53,0
DA:54,0
DA:55,0
DA:56,0
DA:57,0
DA:59,0
DA:60,0
DA:61,0
DA:62,0
DA:63,0
DA:64,0
DA:65,0
DA:66,0
DA:67,0
DA:68,0
DA:69,0
DA:71,1
DA:72,0
DA:73,0
DA:74,0
DA:76,0
DA:77,0
DA:78,0
DA:79,0
DA:80,0
DA:81,0
DA:82,0
DA:83,0
DA:84,0
DA:85,0
DA:86,0
DA:87,0
DA:88,0
DA:89,0
DA:94,0
DA:95,0
DA:96,0
DA:97,0
DA:98,0
DA:99,0
DA:103,1
DA:104,0
DA:105,0
DA:106,0
DA:107,0
DA:109,0
DA:110,0
DA:111,0
DA:112,0
DA:113,0
DA:115,1
DA:116,1
DA:119,1
DA:120,0
DA:121,0
DA:130,1
DA:138,0
DA:139,0
DA:141,1
DA:158,1
LF:103
LH:38
BRDA:2,0,0,1
BRDA:2,0,1,1
BRDA:2,0,2,1
BRDA:3,1,0,0
BRDA:3,1,1,0
BRDA:6,2,0,0
BRDA:6,2,1,0
BRDA:13,3,0,1
BRDA:13,3,1,1
BRDA:13,3,2,1
BRDA:14,4,0,0
BRDA:14,4,1,1
BRDA:14,5,0,1
BRDA:14,5,1,1
BRDA:16,6,0,1
BRDA:16,6,1,0
BRDA:16,7,0,28
BRDA:16,7,1,0
BRDA:27,8,0,1
BRDA:27,8,1,0
BRDA:27,9,0,1
BRDA:27,9,1,0
BRDA:27,10,0,1
BRDA:27,10,1,0
BRDA:27,11,0,1
BRDA:27,11,1,0
BRDA:27,12,0,0
BRDA:27,12,1,1
BRDA:27,13,0,1
BRDA:27,13,1,0
BRDA:27,14,0,1
BRDA:27,14,1,0
BRDA:41,15,0,1
BRDA:41,15,1,1
BRDA:48,16,0,0
BRDA:48,16,1,0
BRDA:48,17,0,0
BRDA:48,17,1,0
BRDA:48,17,2,0
BRDA:53,18,0,0
BRDA:53,18,1,0
BRDA:53,19,0,0
BRDA:53,19,1,0
BRDA:53,19,2,0
BRDA:55,20,0,0
BRDA:55,20,1,0
BRDA:60,21,0,0
BRDA:60,21,1,0
BRDA:60,22,0,0
BRDA:60,22,1,0
BRDA:62,23,0,0
BRDA:62,23,1,0
BRDA:64,24,0,0
BRDA:64,24,1,0
BRDA:66,25,0,0
BRDA:66,25,1,0
BRDA:66,26,0,0
BRDA:66,26,1,0
BRDA:68,27,0,0
BRDA:68,27,1,0
BRDA:72,28,0,0
BRDA:72,28,1,0
BRDA:72,29,0,0
BRDA:72,29,1,0
BRDA:72,29,2,0
BRDA:76,30,0,0
BRDA:76,30,1,0
BRDA:78,31,0,0
BRDA:78,31,1,0
BRDA:85,32,0,0
BRDA:85,32,1,0
BRDA:96,33,0,0
BRDA:96,33,1,0
BRDA:106,34,0,0
BRDA:106,34,1,0
BRDA:110,35,0,0
BRDA:110,35,1,0
BRDA:110,36,0,0
BRDA:110,36,1,0
BRDA:112,37,0,0
BRDA:112,37,1,0
BRDA:126,38,0,0
BRDA:126,38,1,0
BRDA:127,39,0,0
BRDA:127,39,1,0
BRDA:127,40,0,0
BRDA:127,40,1,0
BRDA:128,41,0,0
BRDA:128,41,1,0
BRDA:136,42,0,1
BRDA:136,42,1,0
BRDA:136,43,0,0
BRDA:136,43,1,1
BRDA:145,44,0,0
BRDA:145,44,1,1
BRDA:151,45,0,0
BRDA:151,45,1,1
BRDA:151,46,0,1
BRDA:151,46,1,1
BRDA:152,47,0,0
BRDA:152,47,1,1
BRDA:154,48,0,1
BRDA:154,48,1,0
BRDA:153,49,0,1
BRDA:153,49,1,1
BRDA:154,50,0,0
BRDA:154,50,1,1
BRDA:155,51,0,0
BRDA:155,51,1,0
BRF:109
BRH:31
end_of_record
TN:
SF:G:\pack\react-virtualized-scroll\lib\component\ReactVirtualizedScroll\index.js
FN:2,(anonymous_0)
FNF:1
FNH:1
FNDA:1,(anonymous_0)
DA:2,1
DA:3,1
DA:5,1
DA:6,1
DA:7,1
LF:5
LH:5
BRDA:2,0,0,1
BRDA:2,0,1,1
BRDA:2,0,2,1
BRDA:3,1,0,1
BRDA:3,1,1,0
BRDA:3,2,0,1
BRDA:3,2,1,1
BRF:7
BRH:6
end_of_record
TN:
SF:G:\pack\react-virtualized-scroll\lib\component\ReactVirtualizedScroll\svg.js
FNF:0
FNH:0
DA:2,1
DA:3,1
LF:2
LH:2
BRF:0
BRH:0
end_of_record
TN:
SF:G:\pack\react-virtualized-scroll\src\component\ReactVirtualizedScroll\ReactVirtualizedScroll.tsx
FN:31,(anonymous_3)
FN:59,(anonymous_4)
FN:63,(anonymous_5)
FN:67,(anonymous_6)
FN:72,(anonymous_7)
FN:77,(anonymous_8)
FN:94,(anonymous_9)
FN:103,(anonymous_10)
FN:108,(anonymous_11)
FN:117,(anonymous_12)
FN:126,(anonymous_13)
FN:139,(anonymous_14)
FN:146,(anonymous_15)
FN:180,(anonymous_16)
FN:192,(anonymous_17)
FN:194,(anonymous_18)
FNF:16
FNH:3
FNDA:1,(anonymous_3)
FNDA:0,(anonymous_4)
FNDA:1,(anonymous_5)
FNDA:0,(anonymous_6)
FNDA:0,(anonymous_7)
FNDA:0,(anonymous_8)
FNDA:0,(anonymous_9)
FNDA:0,(anonymous_10)
FNDA:0,(anonymous_11)
FNDA:0,(anonymous_12)
FNDA:0,(anonymous_13)
FNDA:0,(anonymous_14)
FNDA:0,(anonymous_15)
FNDA:1,(anonymous_16)
FNDA:0,(anonymous_17)
FNDA:0,(anonymous_18)
DA:1,1
DA:2,1
DA:3,1
DA:4,1
DA:5,1
DA:31,1
DA:32,1
DA:33,2
DA:34,2
DA:35,2
DA:36,2
DA:37,1
DA:38,2
DA:39,2
DA:40,1
DA:41,1
DA:42,1
DA:43,1
DA:44,1
DA:45,2
DA:48,1
DA:49,1
DA:50,1
DA:51,1
DA:52,1
DA:53,1
DA:54,1
DA:55,1
DA:57,1
DA:59,1
DA:60,0
DA:63,1
DA:64,1
DA:67,1
DA:68,0
DA:69,0
DA:72,1
DA:73,0
DA:74,0
DA:76,1
DA:78,0
DA:79,0
DA:80,0
DA:81,0
DA:83,0
DA:84,0
DA:85,0
DA:86,0
DA:88,0
DA:89,0
DA:93,1
DA:95,0
DA:96,0
DA:97,0
DA:99,0
DA:100,0
DA:101,0
DA:102,0
DA:103,0
DA:104,0
DA:105,0
DA:106,0
DA:107,0
DA:108,0
DA:109,0
DA:110,0
DA:114,0
DA:115,0
DA:116,0
DA:117,0
DA:118,0
DA:126,1
DA:127,0
DA:128,0
DA:129,0
DA:131,0
DA:132,0
DA:135,1
DA:137,1
DA:139,0
DA:145,1
DA:146,0
DA:147,0
DA:180,1
DA:192,0
DA:194,0
DA:210,1
DA:238,1
LF:88
LH:43
BRDA:33,0,0,1
BRDA:33,0,1,0
BRDA:34,1,0,1
BRDA:34,1,1,0
BRDA:35,2,0,1
BRDA:35,2,1,0
BRDA:36,3,0,1
BRDA:36,3,1,0
BRDA:38,4,0,0
BRDA:38,4,1,1
BRDA:39,5,0,1
BRDA:39,5,1,0
BRDA:45,6,0,1
BRDA:45,6,1,0
BRDA:64,7,0,1
BRDA:64,7,1,1
BRDA:73,8,0,0
BRDA:73,8,1,0
BRDA:73,9,0,0
BRDA:73,9,1,0
BRDA:73,9,2,0
BRDA:78,10,0,0
BRDA:78,10,1,0
BRDA:78,11,0,0
BRDA:78,11,1,0
BRDA:78,11,2,0
BRDA:79,12,0,0
BRDA:79,12,1,0
BRDA:84,13,0,0
BRDA:84,13,1,0
BRDA:84,14,0,0
BRDA:84,14,1,0
BRDA:85,15,0,0
BRDA:85,15,1,0
BRDA:86,16,0,0
BRDA:86,16,1,0
BRDA:88,17,0,0
BRDA:88,17,1,0
BRDA:88,18,0,0
BRDA:88,18,1,0
BRDA:89,19,0,0
BRDA:89,19,1,0
BRDA:95,20,0,0
BRDA:95,20,1,0
BRDA:95,21,0,0
BRDA:95,21,1,0
BRDA:95,21,2,0
BRDA:99,22,0,0
BRDA:99,22,1,0
BRDA:101,23,0,0
BRDA:101,23,1,0
BRDA:107,24,0,0
BRDA:107,24,1,0
BRDA:116,25,0,0
BRDA:116,25,1,0
BRDA:128,26,0,0
BRDA:128,26,1,0
BRDA:131,27,0,0
BRDA:131,27,1,0
BRDA:131,28,0,0
BRDA:131,28,1,0
BRDA:132,29,0,0
BRDA:132,29,1,0
BRDA:161,30,0,0
BRDA:161,30,1,0
BRDA:163,31,0,0
BRDA:163,31,1,0
BRDA:164,32,0,0
BRDA:164,32,1,0
BRDA:169,33,0,0
BRDA:169,33,1,0
BRDA:188,34,0,1
BRDA:188,34,1,0
BRDA:188,35,0,0
BRDA:188,35,1,1
BRDA:215,36,0,0
BRDA:215,36,1,1
BRDA:221,37,0,0
BRDA:221,37,1,1
BRDA:221,38,0,1
BRDA:221,38,1,1
BRDA:222,39,0,0
BRDA:222,39,1,1
BRDA:226,40,0,1
BRDA:226,40,1,0
BRDA:225,41,0,1
BRDA:225,41,1,1
BRDA:226,42,0,0
BRDA:226,42,1,1
BRDA:227,43,0,0
BRDA:227,43,1,0
BRF:91
BRH:20
end_of_record
TN:
SF:G:\pack\react-virtualized-scroll\src\component\ReactVirtualizedScroll\index.tsx
FNF:0
FNH:0
DA:1,1
DA:3,1
LF:2
LH:2
BRF:0
BRH:0
end_of_record
TN:
SF:G:\pack\react-virtualized-scroll\src\component\ReactVirtualizedScroll\svg.ts
FNF:0
FNH:0
DA:1,1
LF:1
LH:1
BRF:0
BRH:0
end_of_record
